TN:
SF:src\App.tsx
FN:9,(anonymous_0)
FN:10,(anonymous_1)
FN:11,(anonymous_2)
FN:12,(anonymous_3)
FN:13,(anonymous_4)
FN:14,(anonymous_5)
FN:15,(anonymous_6)
FN:16,(anonymous_7)
FN:17,(anonymous_8)
FN:18,(anonymous_9)
FN:19,(anonymous_10)
FN:20,(anonymous_11)
FN:21,(anonymous_12)
FN:22,(anonymous_13)
FN:23,(anonymous_14)
FN:24,(anonymous_15)
FN:25,(anonymous_16)
FN:26,(anonymous_17)
FN:27,(anonymous_18)
FN:28,(anonymous_19)
FN:29,(anonymous_20)
FN:30,(anonymous_21)
FN:31,(anonymous_22)
FN:32,(anonymous_23)
FN:33,(anonymous_24)
FN:34,(anonymous_25)
FN:35,(anonymous_26)
FN:36,(anonymous_27)
FN:37,(anonymous_28)
FN:38,(anonymous_29)
FN:39,(anonymous_30)
FN:40,(anonymous_31)
FN:41,(anonymous_32)
FN:43,(anonymous_33)
FN:52,(anonymous_34)
FN:57,App
FNF:36
FNH:33
FNDA:0,(anonymous_0)
FNDA:1,(anonymous_1)
FNDA:1,(anonymous_2)
FNDA:1,(anonymous_3)
FNDA:1,(anonymous_4)
FNDA:1,(anonymous_5)
FNDA:1,(anonymous_6)
FNDA:1,(anonymous_7)
FNDA:1,(anonymous_8)
FNDA:1,(anonymous_9)
FNDA:1,(anonymous_10)
FNDA:0,(anonymous_11)
FNDA:1,(anonymous_12)
FNDA:1,(anonymous_13)
FNDA:1,(anonymous_14)
FNDA:1,(anonymous_15)
FNDA:1,(anonymous_16)
FNDA:1,(anonymous_17)
FNDA:1,(anonymous_18)
FNDA:1,(anonymous_19)
FNDA:1,(anonymous_20)
FNDA:1,(anonymous_21)
FNDA:1,(anonymous_22)
FNDA:1,(anonymous_23)
FNDA:1,(anonymous_24)
FNDA:1,(anonymous_25)
FNDA:1,(anonymous_26)
FNDA:1,(anonymous_27)
FNDA:1,(anonymous_28)
FNDA:1,(anonymous_29)
FNDA:0,(anonymous_30)
FNDA:1,(anonymous_31)
FNDA:1,(anonymous_32)
FNDA:2,(anonymous_33)
FNDA:2,(anonymous_34)
FNDA:1,App
DA:9,1
DA:10,1
DA:11,1
DA:12,1
DA:13,1
DA:14,1
DA:15,1
DA:16,1
DA:17,1
DA:18,1
DA:19,1
DA:20,1
DA:21,1
DA:22,1
DA:23,1
DA:24,1
DA:25,1
DA:26,1
DA:27,1
DA:28,1
DA:29,1
DA:30,1
DA:31,1
DA:32,1
DA:33,1
DA:34,1
DA:35,1
DA:36,1
DA:37,1
DA:38,1
DA:39,1
DA:40,1
DA:41,1
DA:43,1
DA:44,2
DA:45,2
DA:46,2
DA:47,2
DA:49,0
DA:52,1
DA:53,2
DA:54,2
DA:58,1
LF:43
LH:42
BRDA:46,0,0,2
BRDA:46,0,1,0
BRDA:46,1,0,2
BRDA:46,1,1,0
BRDA:54,2,0,0
BRDA:54,2,1,2
BRF:6
BRH:3
end_of_record
TN:
SF:src\SearchBox.js
FN:7,(anonymous_0)
FN:13,(anonymous_1)
FN:15,(anonymous_2)
FN:23,(anonymous_3)
FN:59,(anonymous_4)
FNF:5
FNH:5
FNDA:12,(anonymous_0)
FNDA:6,(anonymous_1)
FNDA:2,(anonymous_2)
FNDA:3,(anonymous_3)
FNDA:2,(anonymous_4)
DA:7,1
DA:8,12
DA:9,12
DA:11,12
DA:13,12
DA:14,6
DA:15,2
DA:16,2
DA:19,4
DA:23,12
DA:24,3
DA:25,3
DA:44,12
DA:60,2
LF:14
LH:14
BRDA:14,0,0,2
BRDA:14,0,1,4
BRDA:16,1,0,2
BRDA:16,1,1,1
BRF:4
BRH:4
end_of_record
TN:
SF:src\i18n.ts
FNF:0
FNH:0
DA:6,0
LF:1
LH:0
BRF:0
BRH:0
end_of_record
TN:
SF:src\index.tsx
FNF:0
FNH:0
DA:17,0
DA:20,0
DA:36,0
LF:3
LH:0
BRF:0
BRH:0
end_of_record
TN:
SF:src\reportWebVitals.ts
FN:3,(anonymous_0)
FN:5,(anonymous_1)
FNF:2
FNH:0
FNDA:0,(anonymous_0)
FNDA:0,(anonymous_1)
DA:3,0
DA:4,0
DA:5,0
DA:6,0
DA:7,0
DA:8,0
DA:9,0
DA:10,0
LF:8
LH:0
BRDA:4,0,0,0
BRDA:4,0,1,0
BRDA:4,1,0,0
BRDA:4,1,1,0
BRF:4
BRH:0
end_of_record
TN:
SF:src\typesenseClient.js
FNF:0
FNH:0
DA:3,0
LF:1
LH:0
BRF:0
BRH:0
end_of_record
TN:
SF:src\components\CustomFieldset.tsx
FN:19,(anonymous_0)
FN:35,(anonymous_1)
FN:40,(anonymous_2)
FN:48,(anonymous_3)
FN:52,(anonymous_4)
FNF:5
FNH:5
FNDA:44,(anonymous_0)
FNDA:15,(anonymous_1)
FNDA:15,(anonymous_2)
FNDA:17,(anonymous_3)
FNDA:4,(anonymous_4)
DA:19,4
DA:28,44
DA:29,44
DA:30,44
DA:33,44
DA:35,44
DA:36,15
DA:37,15
DA:40,44
DA:42,15
DA:43,12
DA:44,0
DA:48,44
DA:49,17
DA:52,44
DA:54,44
DA:74,30
DA:100,2
DA:118,0
LF:19
LH:17
BRDA:21,0,0,11
BRDA:23,1,0,44
BRDA:42,2,0,3
BRDA:42,2,1,12
BRDA:43,3,0,12
BRDA:43,3,1,0
BRDA:44,4,0,0
BRDA:44,4,1,0
BRDA:49,5,0,17
BRDA:49,5,1,17
BRDA:54,6,0,14
BRDA:54,6,1,30
BRDA:59,7,0,1
BRDA:59,7,1,13
BRDA:61,8,0,14
BRDA:61,8,1,13
BRDA:63,9,0,13
BRDA:63,9,1,0
BRDA:74,10,0,28
BRDA:74,10,1,2
BRDA:79,11,0,2
BRDA:79,11,1,26
BRDA:87,12,0,28
BRDA:87,12,1,26
BRDA:89,13,0,26
BRDA:89,13,1,10
BRDA:100,14,0,2
BRDA:100,14,1,0
BRF:28
BRH:23
end_of_record
TN:
SF:src\components\PaginationControls.tsx
FN:21,(anonymous_0)
FN:37,(anonymous_1)
FN:49,(anonymous_2)
FN:63,(anonymous_3)
FN:70,(anonymous_4)
FN:74,(anonymous_5)
FN:88,(anonymous_6)
FN:96,(anonymous_7)
FN:104,(anonymous_8)
FN:112,(anonymous_9)
FN:136,(anonymous_10)
FNF:11
FNH:9
FNDA:9,(anonymous_0)
FNDA:9,(anonymous_1)
FNDA:9,(anonymous_2)
FNDA:9,(anonymous_3)
FNDA:5,(anonymous_4)
FNDA:1,(anonymous_5)
FNDA:0,(anonymous_6)
FNDA:1,(anonymous_7)
FNDA:1,(anonymous_8)
FNDA:0,(anonymous_9)
FNDA:21,(anonymous_10)
DA:21,2
DA:33,9
DA:34,9
DA:35,9
DA:37,9
DA:38,9
DA:39,2
DA:42,7
DA:43,3
DA:46,4
DA:49,9
DA:50,9
DA:51,4
DA:54,5
DA:55,5
DA:56,5
DA:58,5
DA:61,9
DA:63,9
DA:64,9
DA:65,4
DA:68,5
DA:70,5
DA:73,9
DA:76,1
DA:77,0
DA:80,1
DA:81,1
DA:82,1
DA:88,9
DA:89,0
DA:90,0
DA:93,0
DA:96,9
DA:97,1
DA:98,0
DA:101,1
DA:104,9
DA:105,1
DA:106,0
DA:109,1
DA:112,9
DA:113,0
DA:114,0
DA:117,0
DA:120,9
DA:124,9
DA:137,21
LF:48
LH:39
BRDA:28,0,0,8
BRDA:30,1,0,7
BRDA:31,2,0,8
BRDA:35,3,0,9
BRDA:35,3,1,5
BRDA:38,4,0,2
BRDA:38,4,1,7
BRDA:42,5,0,3
BRDA:42,5,1,4
BRDA:50,6,0,4
BRDA:50,6,1,5
BRDA:50,7,0,9
BRDA:50,7,1,5
BRDA:56,8,0,5
BRDA:56,8,1,0
BRDA:64,9,0,4
BRDA:64,9,1,5
BRDA:68,10,0,4
BRDA:68,10,1,1
BRDA:76,11,0,0
BRDA:76,11,1,1
BRDA:81,12,0,1
BRDA:81,12,1,0
BRDA:81,13,0,1
BRDA:81,13,1,1
BRDA:89,14,0,0
BRDA:89,14,1,0
BRDA:97,15,0,0
BRDA:97,15,1,1
BRDA:105,16,0,0
BRDA:105,16,1,1
BRDA:113,17,0,0
BRDA:113,17,1,0
BRDA:117,18,0,0
BRDA:117,18,1,0
BRDA:126,19,0,9
BRDA:126,19,1,5
BRDA:126,19,2,5
BRDA:146,20,0,4
BRDA:146,20,1,5
BRDA:146,21,0,9
BRDA:146,21,1,5
BRDA:146,21,2,5
BRDA:147,22,0,4
BRDA:147,22,1,0
BRF:45
BRH:33
end_of_record
TN:
SF:src\components\Title.tsx
FN:12,(anonymous_0)
FNF:1
FNH:1
FNDA:99,(anonymous_0)
DA:12,12
DA:13,99
DA:14,99
DA:16,99
DA:18,99
LF:5
LH:5
BRDA:16,0,0,91
BRDA:16,0,1,8
BRDA:16,1,0,8
BRDA:16,1,1,0
BRDA:24,2,0,12
BRDA:24,2,1,87
BRF:6
BRH:5
end_of_record
TN:
SF:src\components\UserDetailsCard.tsx
FN:21,(anonymous_0)
FN:36,(anonymous_1)
FN:41,(anonymous_2)
FN:49,(anonymous_3)
FN:61,(anonymous_4)
FN:71,(anonymous_5)
FN:83,(anonymous_6)
FN:93,(anonymous_7)
FN:105,(anonymous_8)
FNF:9
FNH:9
FNDA:8,(anonymous_0)
FNDA:5,(anonymous_1)
FNDA:32,(anonymous_2)
FNDA:9,(anonymous_3)
FNDA:1,(anonymous_4)
FNDA:2,(anonymous_5)
FNDA:1,(anonymous_6)
FNDA:1,(anonymous_7)
FNDA:7,(anonymous_8)
DA:21,4
DA:34,8
DA:36,8
DA:37,5
DA:38,5
DA:41,8
DA:42,32
DA:49,9
DA:51,8
DA:61,1
DA:71,2
DA:83,1
DA:93,1
DA:106,7
LF:14
LH:14
BRDA:26,0,0,5
BRDA:27,1,0,4
BRDA:28,2,0,5
BRDA:29,3,0,4
BRDA:30,4,0,5
BRDA:32,5,0,2
BRDA:37,6,0,0
BRDA:37,6,1,5
BRDA:37,7,0,5
BRDA:37,7,1,5
BRDA:42,8,0,1
BRDA:42,8,1,31
BRDA:54,9,0,8
BRDA:54,9,1,1
BRDA:54,9,2,0
BRDA:57,10,0,8
BRDA:57,10,1,8
BRDA:57,10,2,7
BRDA:60,11,0,3
BRDA:60,11,1,4
BRDA:67,12,0,8
BRDA:67,12,1,7
BRDA:67,12,2,7
BRDA:70,13,0,4
BRDA:70,13,1,3
BRDA:77,14,0,5
BRDA:77,14,1,3
BRDA:77,15,0,8
BRDA:77,15,1,8
BRDA:77,15,2,3
BRDA:77,15,3,3
BRDA:79,16,0,5
BRDA:79,16,1,5
BRDA:79,16,2,5
BRDA:82,17,0,1
BRDA:82,17,1,4
BRDA:88,18,0,5
BRDA:88,18,1,5
BRDA:88,18,2,5
BRDA:88,18,3,4
BRDA:88,18,4,4
BRDA:89,19,0,5
BRDA:89,19,1,4
BRDA:89,19,2,4
BRDA:92,20,0,1
BRDA:92,20,1,3
BRDA:103,21,0,8
BRDA:103,21,1,4
BRF:48
BRH:46
end_of_record
TN:
SF:src\components\AllTickets\AdvancedAssignmentOptionsDialog.tsx
FN:52,(anonymous_0)
FN:66,(anonymous_1)
FN:68,(anonymous_2)
FN:70,(anonymous_3)
FN:72,(anonymous_4)
FN:76,(anonymous_5)
FN:77,(anonymous_6)
FN:80,(anonymous_7)
FN:91,(anonymous_8)
FN:96,(anonymous_9)
FN:101,(anonymous_10)
FN:109,(anonymous_11)
FN:114,(anonymous_12)
FN:130,(anonymous_13)
FN:143,(anonymous_14)
FN:157,(anonymous_15)
FN:167,(anonymous_16)
FN:186,(anonymous_17)
FN:191,(anonymous_18)
FN:196,(anonymous_19)
FN:207,(anonymous_20)
FN:207,(anonymous_21)
FN:212,(anonymous_22)
FN:220,(anonymous_23)
FN:220,(anonymous_24)
FN:225,(anonymous_25)
FN:233,(anonymous_26)
FN:233,(anonymous_27)
FN:238,(anonymous_28)
FNF:29
FNH:26
FNDA:5,(anonymous_0)
FNDA:4,(anonymous_1)
FNDA:0,(anonymous_2)
FNDA:8,(anonymous_3)
FNDA:8,(anonymous_4)
FNDA:10,(anonymous_5)
FNDA:10,(anonymous_6)
FNDA:5,(anonymous_7)
FNDA:0,(anonymous_8)
FNDA:10,(anonymous_9)
FNDA:0,(anonymous_10)
FNDA:5,(anonymous_11)
FNDA:1,(anonymous_12)
FNDA:1,(anonymous_13)
FNDA:1,(anonymous_14)
FNDA:1,(anonymous_15)
FNDA:7,(anonymous_16)
FNDA:1,(anonymous_17)
FNDA:3,(anonymous_18)
FNDA:1,(anonymous_19)
FNDA:1,(anonymous_20)
FNDA:1,(anonymous_21)
FNDA:1,(anonymous_22)
FNDA:1,(anonymous_23)
FNDA:1,(anonymous_24)
FNDA:1,(anonymous_25)
FNDA:1,(anonymous_26)
FNDA:1,(anonymous_27)
FNDA:3,(anonymous_28)
DA:36,3
DA:37,3
DA:52,3
DA:65,5
DA:66,5
DA:67,4
DA:68,0
DA:70,4
DA:71,8
DA:72,8
DA:76,5
DA:77,10
DA:80,5
DA:81,5
DA:85,5
DA:91,0
DA:97,10
DA:101,0
DA:110,5
DA:114,1
DA:130,1
DA:143,3
DA:144,1
DA:157,3
DA:158,1
DA:167,3
DA:180,7
DA:181,7
DA:182,7
DA:183,7
DA:184,7
DA:186,7
DA:187,1
DA:188,1
DA:191,7
DA:192,3
DA:193,3
DA:196,7
DA:197,1
DA:203,1
DA:204,1
DA:205,1
DA:207,1
DA:208,1
DA:212,7
DA:213,1
DA:220,1
DA:221,1
DA:225,7
DA:226,1
DA:233,1
DA:234,1
DA:238,7
DA:239,3
DA:240,3
DA:241,3
DA:242,3
DA:246,7
DA:296,7
LF:59
LH:56
BRDA:67,0,0,0
BRDA:67,0,1,4
BRDA:68,1,0,0
BRDA:68,1,1,0
BRDA:71,2,0,8
BRDA:71,2,1,0
BRDA:71,3,0,8
BRDA:71,3,1,8
BRDA:81,4,0,5
BRDA:81,4,1,0
BRDA:99,5,0,0
BRDA:99,5,1,10
BRDA:101,6,0,0
BRDA:101,6,1,0
BRDA:125,7,0,5
BRDA:125,7,1,1
BRDA:125,7,2,1
BRDA:203,8,0,1
BRDA:203,8,1,0
BRDA:239,9,0,3
BRDA:239,9,1,3
BRDA:240,10,0,1
BRDA:240,10,1,2
BRDA:240,11,0,3
BRDA:240,11,1,3
BRDA:266,12,0,3
BRDA:266,12,1,4
BRDA:280,13,0,3
BRDA:280,13,1,4
BRF:29
BRH:20
end_of_record
TN:
SF:src\components\AllTickets\AssigneeDropdown.tsx
FN:29,(anonymous_0)
FN:49,(anonymous_1)
FN:50,(anonymous_2)
FN:52,(anonymous_3)
FN:57,(anonymous_4)
FN:59,(anonymous_5)
FN:64,(anonymous_6)
FN:69,(anonymous_7)
FN:74,(anonymous_8)
FN:83,(anonymous_9)
FN:83,(anonymous_10)
FN:88,(anonymous_11)
FN:99,(anonymous_12)
FN:101,(anonymous_13)
FN:104,(anonymous_14)
FN:105,(anonymous_15)
FN:108,(anonymous_16)
FN:113,(anonymous_17)
FN:115,(anonymous_18)
FN:117,(anonymous_19)
FN:121,(anonymous_20)
FN:121,(anonymous_21)
FN:130,(anonymous_22)
FN:131,(anonymous_23)
FN:146,(anonymous_24)
FN:160,(anonymous_25)
FN:167,(anonymous_26)
FN:173,(anonymous_27)
FN:177,(anonymous_28)
FN:183,(anonymous_29)
FNF:30
FNH:23
FNDA:10,(anonymous_0)
FNDA:4,(anonymous_1)
FNDA:4,(anonymous_2)
FNDA:3,(anonymous_3)
FNDA:4,(anonymous_4)
FNDA:0,(anonymous_5)
FNDA:1,(anonymous_6)
FNDA:1,(anonymous_7)
FNDA:1,(anonymous_8)
FNDA:1,(anonymous_9)
FNDA:1,(anonymous_10)
FNDA:1,(anonymous_11)
FNDA:20,(anonymous_12)
FNDA:30,(anonymous_13)
FNDA:30,(anonymous_14)
FNDA:30,(anonymous_15)
FNDA:20,(anonymous_16)
FNDA:10,(anonymous_17)
FNDA:0,(anonymous_18)
FNDA:20,(anonymous_19)
FNDA:0,(anonymous_20)
FNDA:0,(anonymous_21)
FNDA:20,(anonymous_22)
FNDA:1,(anonymous_23)
FNDA:1,(anonymous_24)
FNDA:0,(anonymous_25)
FNDA:4,(anonymous_26)
FNDA:0,(anonymous_27)
FNDA:1,(anonymous_28)
FNDA:0,(anonymous_29)
DA:29,3
DA:30,10
DA:31,10
DA:32,10
DA:33,10
DA:34,10
DA:35,10
DA:36,10
DA:39,10
DA:40,10
DA:41,10
DA:42,10
DA:44,10
DA:45,10
DA:46,10
DA:49,10
DA:50,4
DA:51,4
DA:52,3
DA:57,10
DA:58,4
DA:59,0
DA:64,10
DA:65,1
DA:66,1
DA:69,10
DA:70,1
DA:71,1
DA:74,10
DA:75,1
DA:81,1
DA:82,1
DA:83,1
DA:84,1
DA:88,10
DA:89,1
DA:90,1
DA:91,1
DA:92,1
DA:93,1
DA:96,10
DA:97,10
DA:98,10
DA:99,10
DA:100,20
DA:101,30
DA:103,10
DA:104,10
DA:105,30
DA:108,10
DA:109,20
DA:113,10
DA:114,10
DA:115,0
DA:118,20
DA:121,0
DA:131,20
DA:146,1
DA:153,10
DA:160,0
DA:167,4
DA:173,0
DA:177,1
DA:183,0
LF:64
LH:58
BRDA:29,0,0,8
BRDA:29,1,0,8
BRDA:44,2,0,10
BRDA:44,2,1,0
BRDA:51,3,0,3
BRDA:51,3,1,1
BRDA:58,4,0,0
BRDA:58,4,1,4
BRDA:89,5,0,1
BRDA:89,5,1,1
BRDA:90,6,0,1
BRDA:90,6,1,0
BRDA:90,7,0,1
BRDA:90,7,1,1
BRDA:96,8,0,10
BRDA:96,8,1,0
BRDA:97,9,0,8
BRDA:97,9,1,2
BRDA:97,10,0,8
BRDA:97,10,1,0
BRDA:98,11,0,0
BRDA:98,11,1,10
BRDA:98,12,0,0
BRDA:98,12,1,0
BRDA:100,13,0,20
BRDA:100,13,1,0
BRDA:100,14,0,20
BRDA:100,14,1,20
BRDA:109,15,0,20
BRDA:109,15,1,0
BRDA:121,16,0,0
BRDA:121,16,1,0
BRDA:122,17,0,0
BRDA:122,17,1,20
BRDA:141,18,0,10
BRDA:141,18,1,1
BRDA:141,18,2,1
BRDA:155,19,0,0
BRDA:155,19,1,10
BRF:39
BRH:25
end_of_record
TN:
SF:src\components\AllTickets\AssigneeFilterDropdown.tsx
FN:29,(anonymous_0)
FN:39,(anonymous_1)
FN:40,(anonymous_2)
FN:41,(anonymous_3)
FN:44,(anonymous_4)
FN:46,(anonymous_5)
FN:52,(anonymous_6)
FN:54,(anonymous_7)
FN:58,(anonymous_8)
FN:59,(anonymous_9)
FN:62,(anonymous_10)
FN:69,(anonymous_11)
FN:71,(anonymous_12)
FN:75,(anonymous_13)
FN:89,(anonymous_14)
FN:98,(anonymous_15)
FN:107,(anonymous_16)
FN:111,(anonymous_17)
FN:119,(anonymous_18)
FN:128,(anonymous_19)
FN:132,(anonymous_20)
FN:132,(anonymous_21)
FN:142,(anonymous_22)
FN:143,(anonymous_23)
FNF:24
FNH:23
FNDA:19,(anonymous_0)
FNDA:2,(anonymous_1)
FNDA:2,(anonymous_2)
FNDA:2,(anonymous_3)
FNDA:4,(anonymous_4)
FNDA:1,(anonymous_5)
FNDA:37,(anonymous_6)
FNDA:55,(anonymous_7)
FNDA:55,(anonymous_8)
FNDA:55,(anonymous_9)
FNDA:37,(anonymous_10)
FNDA:19,(anonymous_11)
FNDA:4,(anonymous_12)
FNDA:1,(anonymous_13)
FNDA:1,(anonymous_14)
FNDA:1,(anonymous_15)
FNDA:0,(anonymous_16)
FNDA:12,(anonymous_17)
FNDA:1,(anonymous_18)
FNDA:38,(anonymous_19)
FNDA:1,(anonymous_20)
FNDA:1,(anonymous_21)
FNDA:37,(anonymous_22)
FNDA:1,(anonymous_23)
DA:29,2
DA:30,19
DA:31,19
DA:32,19
DA:33,19
DA:35,19
DA:36,19
DA:37,19
DA:39,19
DA:40,2
DA:41,2
DA:44,19
DA:45,4
DA:46,1
DA:50,19
DA:51,19
DA:52,19
DA:53,37
DA:54,55
DA:57,19
DA:58,19
DA:59,55
DA:62,19
DA:63,37
DA:64,37
DA:69,19
DA:70,19
DA:71,4
DA:72,4
DA:75,19
DA:76,1
DA:77,1
DA:80,19
DA:89,1
DA:98,1
DA:107,0
DA:111,12
DA:120,1
DA:121,1
DA:122,1
DA:129,38
DA:132,1
DA:143,37
LF:43
LH:42
BRDA:45,0,0,1
BRDA:45,0,1,3
BRDA:50,1,0,19
BRDA:50,1,1,0
BRDA:51,2,0,1
BRDA:51,2,1,18
BRDA:51,3,0,1
BRDA:51,3,1,0
BRDA:51,4,0,18
BRDA:51,4,1,0
BRDA:53,5,0,37
BRDA:53,5,1,0
BRDA:53,6,0,37
BRDA:53,6,1,37
BRDA:64,7,0,37
BRDA:64,7,1,12
BRDA:64,7,2,0
BRDA:70,8,0,15
BRDA:70,8,1,4
BRDA:70,9,0,19
BRDA:70,9,1,19
BRDA:71,10,0,4
BRDA:71,10,1,1
BRDA:72,11,0,4
BRDA:72,11,1,1
BRDA:76,12,0,1
BRDA:76,12,1,0
BRDA:83,13,0,4
BRDA:83,13,1,15
BRDA:83,14,0,19
BRDA:83,14,1,19
BRDA:85,15,0,4
BRDA:85,15,1,0
BRDA:88,16,0,4
BRDA:88,16,1,0
BRDA:124,17,0,15
BRDA:124,17,1,4
BRDA:132,18,0,0
BRDA:132,18,1,1
BRDA:133,19,0,1
BRDA:133,19,1,37
BRDA:143,20,0,37
BRDA:143,20,1,0
BRF:43
BRH:33
end_of_record
TN:
SF:src\components\AllTickets\DownloadColumnsScreen.tsx
FN:28,(anonymous_0)
FN:40,(anonymous_1)
FN:41,(anonymous_2)
FN:42,(anonymous_3)
FN:46,(anonymous_4)
FN:47,(anonymous_5)
FN:67,(anonymous_6)
FN:70,(anonymous_7)
FNF:8
FNH:8
FNDA:3,(anonymous_0)
FNDA:3,(anonymous_1)
FNDA:6,(anonymous_2)
FNDA:2,(anonymous_3)
FNDA:3,(anonymous_4)
FNDA:6,(anonymous_5)
FNDA:6,(anonymous_6)
FNDA:1,(anonymous_7)
DA:28,2
DA:37,3
DA:39,3
DA:40,3
DA:41,6
DA:42,2
DA:46,3
DA:47,3
DA:48,6
DA:49,2
DA:51,6
DA:54,3
DA:57,3
DA:68,6
DA:70,1
LF:15
LH:15
BRDA:48,0,0,2
BRDA:48,0,1,4
BRDA:81,1,0,3
BRDA:81,1,1,2
BRDA:82,2,0,1
BRDA:82,2,1,1
BRF:6
BRH:6
end_of_record
TN:
SF:src\components\AllTickets\DownloadFiltersScreen.tsx
FN:66,(anonymous_0)
FN:125,(anonymous_1)
FN:127,(anonymous_2)
FN:138,(anonymous_3)
FN:141,(anonymous_4)
FN:151,(anonymous_5)
FN:152,(anonymous_6)
FN:157,(anonymous_7)
FN:158,(anonymous_8)
FN:166,(anonymous_9)
FN:167,(anonymous_10)
FN:172,(anonymous_11)
FN:173,(anonymous_12)
FN:181,(anonymous_13)
FN:182,(anonymous_14)
FN:187,(anonymous_15)
FN:188,(anonymous_16)
FN:196,(anonymous_17)
FN:197,(anonymous_18)
FN:203,(anonymous_19)
FN:204,(anonymous_20)
FN:210,(anonymous_21)
FN:211,(anonymous_22)
FN:215,(anonymous_23)
FN:216,(anonymous_24)
FNF:25
FNH:25
FNDA:3,(anonymous_0)
FNDA:1,(anonymous_1)
FNDA:6,(anonymous_2)
FNDA:1,(anonymous_3)
FNDA:3,(anonymous_4)
FNDA:1,(anonymous_5)
FNDA:3,(anonymous_6)
FNDA:1,(anonymous_7)
FNDA:3,(anonymous_8)
FNDA:1,(anonymous_9)
FNDA:3,(anonymous_10)
FNDA:1,(anonymous_11)
FNDA:3,(anonymous_12)
FNDA:1,(anonymous_13)
FNDA:3,(anonymous_14)
FNDA:1,(anonymous_15)
FNDA:3,(anonymous_16)
FNDA:1,(anonymous_17)
FNDA:3,(anonymous_18)
FNDA:1,(anonymous_19)
FNDA:3,(anonymous_20)
FNDA:1,(anonymous_21)
FNDA:1,(anonymous_22)
FNDA:1,(anonymous_23)
FNDA:1,(anonymous_24)
DA:66,2
DA:114,3
DA:116,3
DA:125,1
DA:128,6
DA:138,1
DA:142,3
DA:151,1
DA:152,3
DA:157,1
DA:158,3
DA:166,1
DA:167,3
DA:172,1
DA:173,3
DA:181,1
DA:182,3
DA:187,1
DA:188,3
DA:196,1
DA:197,3
DA:203,1
DA:204,3
DA:210,1
DA:211,1
DA:215,1
DA:216,1
LF:27
LH:27
BRDA:125,0,0,0
BRDA:125,0,1,1
BRDA:138,1,0,0
BRDA:138,1,1,1
BRDA:220,2,0,1
BRDA:220,2,1,2
BRDA:220,3,0,3
BRDA:220,3,1,2
BRDA:222,4,0,1
BRDA:222,4,1,1
BRDA:228,5,0,3
BRDA:228,5,1,1
BRDA:231,6,0,1
BRDA:231,6,1,1
BRDA:235,7,0,3
BRDA:235,7,1,1
BRDA:238,8,0,1
BRDA:238,8,1,1
BRDA:242,9,0,3
BRDA:242,9,1,1
BRDA:243,10,0,3
BRDA:243,10,1,1
BRDA:243,10,2,1
BRF:23
BRH:21
end_of_record
TN:
SF:src\components\AllTickets\DownloadTicketsDialog.tsx
FN:78,(anonymous_0)
FN:85,(anonymous_1)
FN:98,(anonymous_2)
FN:108,(anonymous_3)
FN:126,(anonymous_4)
FN:156,(anonymous_5)
FN:157,(anonymous_6)
FN:160,(anonymous_7)
FN:161,(anonymous_8)
FN:165,(anonymous_9)
FN:179,(anonymous_10)
FN:189,(anonymous_11)
FN:195,(anonymous_12)
FN:197,(anonymous_13)
FN:201,(anonymous_14)
FN:218,(anonymous_15)
FN:231,(anonymous_16)
FN:252,(anonymous_17)
FN:257,(anonymous_18)
FN:270,(anonymous_19)
FN:277,(anonymous_20)
FN:283,(anonymous_21)
FN:286,(anonymous_22)
FN:289,(anonymous_23)
FN:304,(anonymous_24)
FN:317,(anonymous_25)
FN:323,(anonymous_26)
FN:331,(anonymous_27)
FN:332,(anonymous_28)
FN:333,(anonymous_29)
FN:334,(anonymous_30)
FN:335,(anonymous_31)
FN:336,(anonymous_32)
FN:337,(anonymous_33)
FN:338,(anonymous_34)
FN:339,(anonymous_35)
FN:364,(anonymous_36)
FN:365,(anonymous_37)
FN:367,(anonymous_38)
FN:373,(anonymous_39)
FN:374,(anonymous_40)
FN:378,(anonymous_41)
FN:381,(anonymous_42)
FN:387,(anonymous_43)
FN:390,(anonymous_44)
FN:423,(anonymous_45)
FN:466,(anonymous_46)
FN:470,(anonymous_47)
FN:485,(anonymous_48)
FN:492,(anonymous_49)
FN:495,(anonymous_50)
FN:503,(anonymous_51)
FN:512,(anonymous_52)
FN:513,(anonymous_53)
FN:519,(anonymous_54)
FNF:55
FNH:47
FNDA:4,(anonymous_0)
FNDA:2,(anonymous_1)
FNDA:4,(anonymous_2)
FNDA:18,(anonymous_3)
FNDA:2,(anonymous_4)
FNDA:1,(anonymous_5)
FNDA:1,(anonymous_6)
FNDA:0,(anonymous_7)
FNDA:0,(anonymous_8)
FNDA:2,(anonymous_9)
FNDA:2,(anonymous_10)
FNDA:18,(anonymous_11)
FNDA:2,(anonymous_12)
FNDA:24,(anonymous_13)
FNDA:18,(anonymous_14)
FNDA:2,(anonymous_15)
FNDA:2,(anonymous_16)
FNDA:4,(anonymous_17)
FNDA:3,(anonymous_18)
FNDA:4,(anonymous_19)
FNDA:3,(anonymous_20)
FNDA:18,(anonymous_21)
FNDA:18,(anonymous_22)
FNDA:3,(anonymous_23)
FNDA:2,(anonymous_24)
FNDA:0,(anonymous_25)
FNDA:0,(anonymous_26)
FNDA:2,(anonymous_27)
FNDA:3,(anonymous_28)
FNDA:3,(anonymous_29)
FNDA:3,(anonymous_30)
FNDA:2,(anonymous_31)
FNDA:2,(anonymous_32)
FNDA:3,(anonymous_33)
FNDA:3,(anonymous_34)
FNDA:3,(anonymous_35)
FNDA:1,(anonymous_36)
FNDA:1,(anonymous_37)
FNDA:2,(anonymous_38)
FNDA:0,(anonymous_39)
FNDA:0,(anonymous_40)
FNDA:4,(anonymous_41)
FNDA:18,(anonymous_42)
FNDA:1,(anonymous_43)
FNDA:1,(anonymous_44)
FNDA:16,(anonymous_45)
FNDA:1,(anonymous_46)
FNDA:1,(anonymous_47)
FNDA:1,(anonymous_48)
FNDA:1,(anonymous_49)
FNDA:0,(anonymous_50)
FNDA:2,(anonymous_51)
FNDA:0,(anonymous_52)
FNDA:1,(anonymous_53)
FNDA:1,(anonymous_54)
DA:78,2
DA:79,4
DA:80,4
DA:81,4
DA:82,4
DA:85,2
DA:86,2
DA:87,2
DA:88,2
DA:89,2
DA:92,0
DA:93,0
DA:94,0
DA:97,2
DA:98,2
DA:99,4
DA:100,2
DA:101,2
DA:102,2
DA:103,2
DA:104,2
DA:105,2
DA:108,2
DA:123,18
DA:124,18
DA:126,18
DA:127,18
DA:128,18
DA:129,18
DA:130,18
DA:131,18
DA:132,18
DA:133,18
DA:134,18
DA:135,18
DA:136,18
DA:137,18
DA:138,18
DA:139,18
DA:140,18
DA:141,18
DA:142,18
DA:143,18
DA:144,18
DA:145,18
DA:146,18
DA:147,18
DA:148,18
DA:151,18
DA:152,18
DA:153,18
DA:154,18
DA:156,18
DA:157,1
DA:160,18
DA:161,0
DA:165,18
DA:179,18
DA:189,18
DA:190,18
DA:191,18
DA:192,18
DA:193,18
DA:195,18
DA:196,2
DA:197,24
DA:200,18
DA:201,18
DA:218,18
DA:219,2
DA:220,0
DA:221,0
DA:222,0
DA:225,2
DA:226,2
DA:227,2
DA:231,18
DA:232,2
DA:237,2
DA:238,2
DA:239,2
DA:240,2
DA:241,2
DA:242,2
DA:243,2
DA:244,2
DA:245,2
DA:246,2
DA:247,2
DA:248,2
DA:249,2
DA:250,2
DA:251,2
DA:252,4
DA:253,2
DA:254,2
DA:257,18
DA:258,3
DA:260,3
DA:261,2
DA:262,2
DA:263,2
DA:266,1
DA:270,18
DA:271,4
DA:272,4
DA:273,2
DA:274,2
DA:277,3
DA:278,2
DA:279,0
DA:283,18
DA:284,18
DA:286,18
DA:289,18
DA:290,3
DA:292,3
DA:293,2
DA:294,2
DA:295,2
DA:296,2
DA:297,2
DA:298,2
DA:301,1
DA:304,18
DA:305,2
DA:307,2
DA:308,2
DA:309,2
DA:310,2
DA:314,0
DA:317,18
DA:323,18
DA:331,18
DA:332,3
DA:333,3
DA:334,3
DA:335,2
DA:336,2
DA:337,3
DA:338,3
DA:339,3
DA:340,2
DA:361,2
DA:364,18
DA:365,1
DA:366,1
DA:367,2
DA:370,1
DA:373,18
DA:374,0
DA:375,0
DA:378,18
DA:379,18
DA:381,18
DA:382,18
DA:383,2
DA:384,2
DA:387,16
DA:388,1
DA:389,1
DA:390,1
DA:415,1
DA:417,0
DA:419,1
DA:423,16
DA:426,18
DA:467,1
DA:468,1
DA:469,0
DA:470,1
DA:471,0
DA:485,1
DA:492,1
DA:495,0
DA:503,2
DA:512,0
DA:513,1
DA:519,1
LF:179
LH:163
BRDA:86,0,0,2
BRDA:86,0,1,0
BRDA:99,1,0,2
BRDA:99,1,1,2
BRDA:99,2,0,4
BRDA:99,2,1,2
BRDA:102,3,0,0
BRDA:102,3,1,2
BRDA:102,4,0,2
BRDA:102,4,1,2
BRDA:104,5,0,0
BRDA:104,5,1,2
BRDA:110,6,0,18
BRDA:111,7,0,18
BRDA:154,8,0,0
BRDA:190,9,0,18
BRDA:190,9,1,18
BRDA:190,9,2,0
BRDA:192,10,0,0
BRDA:192,10,1,18
BRDA:192,11,0,18
BRDA:192,11,1,18
BRDA:219,12,0,0
BRDA:219,12,1,2
BRDA:225,13,0,2
BRDA:225,13,1,0
BRDA:232,14,0,0
BRDA:232,14,1,2
BRDA:237,15,0,2
BRDA:237,15,1,0
BRDA:238,16,0,2
BRDA:238,16,1,0
BRDA:239,17,0,2
BRDA:239,17,1,0
BRDA:242,18,0,2
BRDA:242,18,1,0
BRDA:243,19,0,2
BRDA:243,19,1,0
BRDA:244,20,0,2
BRDA:244,20,1,0
BRDA:245,21,0,2
BRDA:245,21,1,0
BRDA:246,22,0,2
BRDA:246,22,1,0
BRDA:247,23,0,2
BRDA:247,23,1,0
BRDA:258,24,0,0
BRDA:258,24,1,3
BRDA:260,25,0,2
BRDA:260,25,1,1
BRDA:271,26,0,0
BRDA:271,26,1,4
BRDA:272,27,0,2
BRDA:272,27,1,2
BRDA:278,28,0,0
BRDA:278,28,1,2
BRDA:284,29,0,0
BRDA:284,29,1,18
BRDA:290,30,0,0
BRDA:290,30,1,3
BRDA:292,31,0,2
BRDA:292,31,1,1
BRDA:305,32,0,0
BRDA:305,32,1,2
BRDA:307,33,0,2
BRDA:307,33,1,0
BRDA:343,34,0,1
BRDA:343,34,1,1
BRDA:344,35,0,1
BRDA:344,35,1,1
BRDA:344,36,0,1
BRDA:344,36,1,0
BRDA:345,37,0,1
BRDA:345,37,1,1
BRDA:346,38,0,1
BRDA:346,38,1,1
BRDA:346,39,0,1
BRDA:346,39,1,0
BRDA:347,40,0,1
BRDA:347,40,1,1
BRDA:348,41,0,1
BRDA:348,41,1,1
BRDA:348,42,0,1
BRDA:348,42,1,0
BRDA:349,43,0,0
BRDA:349,43,1,2
BRDA:350,44,0,0
BRDA:350,44,1,2
BRDA:350,45,0,0
BRDA:350,45,1,0
BRDA:351,46,0,0
BRDA:351,46,1,2
BRDA:352,47,0,0
BRDA:352,47,1,2
BRDA:352,48,0,0
BRDA:352,48,1,0
BRDA:353,49,0,1
BRDA:353,49,1,1
BRDA:354,50,0,1
BRDA:354,50,1,1
BRDA:354,51,0,1
BRDA:354,51,1,0
BRDA:355,52,0,0
BRDA:355,52,1,2
BRDA:356,53,0,0
BRDA:356,53,1,2
BRDA:357,54,0,1
BRDA:357,54,1,1
BRDA:358,55,0,1
BRDA:358,55,1,1
BRDA:358,56,0,1
BRDA:358,56,1,0
BRDA:366,57,0,1
BRDA:366,57,1,0
BRDA:382,58,0,2
BRDA:382,58,1,16
BRDA:382,59,0,18
BRDA:382,59,1,18
BRDA:382,59,2,16
BRDA:382,59,3,16
BRDA:392,60,0,0
BRDA:392,60,1,1
BRDA:396,61,0,0
BRDA:396,61,1,1
BRDA:407,62,0,0
BRDA:407,62,1,1
BRDA:408,63,0,0
BRDA:408,63,1,1
BRDA:409,64,0,0
BRDA:409,64,1,1
BRDA:410,65,0,0
BRDA:410,65,1,1
BRDA:411,66,0,0
BRDA:411,66,1,1
BRDA:412,67,0,0
BRDA:412,67,1,1
BRDA:413,68,0,0
BRDA:413,68,1,1
BRDA:415,69,0,1
BRDA:415,69,1,0
BRDA:431,70,0,16
BRDA:431,70,1,2
BRDA:468,71,0,0
BRDA:468,71,1,1
BRDA:470,72,0,0
BRDA:470,72,1,1
BRDA:504,73,0,18
BRDA:504,73,1,18
BRF:148
BRH:95
end_of_record
TN:
SF:src\components\AllTickets\RequestorDetails.tsx
FN:11,(anonymous_0)
FN:14,(anonymous_1)
FN:18,(anonymous_2)
FN:21,(anonymous_3)
FN:26,(anonymous_4)
FNF:5
FNH:5
FNDA:5,(anonymous_0)
FNDA:2,(anonymous_1)
FNDA:1,(anonymous_2)
FNDA:15,(anonymous_3)
FNDA:2,(anonymous_4)
DA:11,2
DA:12,5
DA:14,5
DA:15,2
DA:16,1
DA:17,1
DA:18,1
DA:21,5
DA:22,15
DA:26,2
DA:37,5
LF:11
LH:11
BRDA:15,0,0,1
BRDA:15,0,1,1
BRDA:25,1,0,13
BRDA:25,1,1,2
BRDA:28,2,0,15
BRDA:28,2,1,2
BRDA:29,3,0,15
BRDA:29,3,1,1
BRF:8
BRH:8
end_of_record
TN:
SF:src\components\AllTickets\TicketCard.tsx
FN:48,(anonymous_0)
FN:60,(anonymous_1)
FN:61,(anonymous_2)
FN:63,(anonymous_3)
FN:64,(anonymous_4)
FN:66,(anonymous_5)
FN:97,(anonymous_6)
FN:104,(anonymous_7)
FN:108,(anonymous_8)
FN:115,(anonymous_9)
FN:122,(anonymous_10)
FN:122,(anonymous_11)
FN:129,(anonymous_12)
FN:140,(anonymous_13)
FN:146,(anonymous_14)
FN:147,(anonymous_15)
FN:163,(anonymous_16)
FN:173,(anonymous_17)
FN:191,(anonymous_18)
FN:196,(anonymous_19)
FN:198,(anonymous_20)
FN:206,(anonymous_21)
FN:212,(anonymous_22)
FN:216,(anonymous_23)
FN:223,(anonymous_24)
FN:231,(anonymous_25)
FN:232,(anonymous_26)
FN:235,(anonymous_27)
FN:245,(anonymous_28)
FNF:29
FNH:21
FNDA:21,(anonymous_0)
FNDA:22,(anonymous_1)
FNDA:29,(anonymous_2)
FNDA:21,(anonymous_3)
FNDA:25,(anonymous_4)
FNDA:10,(anonymous_5)
FNDA:1,(anonymous_6)
FNDA:4,(anonymous_7)
FNDA:4,(anonymous_8)
FNDA:2,(anonymous_9)
FNDA:2,(anonymous_10)
FNDA:2,(anonymous_11)
FNDA:3,(anonymous_12)
FNDA:25,(anonymous_13)
FNDA:6,(anonymous_14)
FNDA:0,(anonymous_15)
FNDA:0,(anonymous_16)
FNDA:0,(anonymous_17)
FNDA:1,(anonymous_18)
FNDA:1,(anonymous_19)
FNDA:7,(anonymous_20)
FNDA:3,(anonymous_21)
FNDA:1,(anonymous_22)
FNDA:0,(anonymous_23)
FNDA:0,(anonymous_24)
FNDA:0,(anonymous_25)
FNDA:3,(anonymous_26)
FNDA:0,(anonymous_27)
FNDA:0,(anonymous_28)
DA:46,2
DA:48,2
DA:49,21
DA:50,21
DA:51,21
DA:52,21
DA:53,21
DA:54,21
DA:55,21
DA:56,21
DA:58,21
DA:60,21
DA:61,29
DA:63,21
DA:64,25
DA:66,21
DA:67,10
DA:69,0
DA:71,5
DA:73,1
DA:77,0
DA:79,0
DA:81,0
DA:83,3
DA:85,0
DA:87,0
DA:89,0
DA:91,0
DA:93,1
DA:97,21
DA:98,1
DA:99,1
DA:100,1
DA:101,1
DA:104,21
DA:105,4
DA:108,21
DA:109,4
DA:110,4
DA:111,4
DA:112,4
DA:115,21
DA:116,2
DA:117,2
DA:122,2
DA:123,2
DA:124,2
DA:129,21
DA:130,3
DA:131,3
DA:134,21
DA:135,21
DA:136,21
DA:137,21
DA:138,21
DA:139,21
DA:140,25
DA:141,21
DA:143,21
DA:146,6
DA:147,0
DA:163,0
DA:173,0
DA:191,1
DA:196,1
DA:199,7
DA:200,7
DA:206,3
DA:212,1
DA:216,0
DA:223,0
DA:231,0
DA:233,3
DA:234,3
DA:235,0
DA:245,0
LF:76
LH:60
BRDA:61,0,0,22
BRDA:61,0,1,0
BRDA:61,1,0,22
BRDA:61,1,1,0
BRDA:64,2,0,21
BRDA:64,2,1,0
BRDA:64,3,0,21
BRDA:64,3,1,0
BRDA:67,4,0,0
BRDA:67,4,1,5
BRDA:67,4,2,1
BRDA:67,4,3,0
BRDA:67,4,4,0
BRDA:67,4,5,0
BRDA:67,4,6,0
BRDA:67,4,7,0
BRDA:67,4,8,3
BRDA:67,4,9,0
BRDA:67,4,10,0
BRDA:67,4,11,0
BRDA:67,4,12,0
BRDA:67,4,13,1
BRDA:135,5,0,21
BRDA:135,5,1,0
BRDA:135,6,0,21
BRDA:135,6,1,0
BRDA:136,7,0,21
BRDA:136,7,1,0
BRDA:137,8,0,21
BRDA:137,8,1,0
BRDA:138,9,0,21
BRDA:138,9,1,0
BRDA:138,10,0,21
BRDA:138,10,1,0
BRDA:139,11,0,5
BRDA:139,11,1,16
BRDA:141,12,0,21
BRDA:141,12,1,3
BRDA:141,12,2,0
BRDA:166,13,0,21
BRDA:166,13,1,21
BRDA:174,14,0,1
BRDA:174,14,1,20
BRDA:177,15,0,1
BRDA:177,15,1,0
BRDA:181,16,0,19
BRDA:181,16,1,1
BRDA:181,17,0,20
BRDA:181,17,1,1
BRDA:182,18,0,19
BRDA:182,18,1,0
BRDA:183,19,0,19
BRDA:183,19,1,0
BRDA:188,20,0,21
BRDA:188,20,1,12
BRDA:195,21,0,2
BRDA:195,21,1,10
BRDA:197,22,0,8
BRDA:197,22,1,2
BRDA:217,23,0,21
BRDA:217,23,1,21
BRDA:228,24,0,21
BRDA:228,24,1,0
BRDA:244,25,0,21
BRDA:244,25,1,4
BRDA:244,25,2,4
BRF:66
BRH:41
end_of_record
TN:
SF:src\components\AllTickets\TicketsList.tsx
FN:109,(anonymous_0)
FN:183,(anonymous_1)
FN:204,(anonymous_2)
FN:209,(anonymous_3)
FN:217,(anonymous_4)
FN:226,(anonymous_5)
FN:226,(anonymous_6)
FN:234,(anonymous_7)
FN:234,(anonymous_8)
FN:243,(anonymous_9)
FN:243,(anonymous_10)
FN:251,(anonymous_11)
FN:251,(anonymous_12)
FN:259,(anonymous_13)
FN:264,(anonymous_14)
FN:264,(anonymous_15)
FN:268,(anonymous_16)
FN:274,(anonymous_17)
FN:306,(anonymous_18)
FN:345,(anonymous_19)
FN:390,(anonymous_20)
FN:448,(anonymous_21)
FN:456,(anonymous_22)
FN:464,(anonymous_23)
FN:469,(anonymous_24)
FN:474,(anonymous_25)
FN:476,(anonymous_26)
FN:481,(anonymous_27)
FN:486,(anonymous_28)
FN:491,(anonymous_29)
FN:496,(anonymous_30)
FN:501,(anonymous_31)
FN:505,(anonymous_32)
FN:511,(anonymous_33)
FN:513,(anonymous_34)
FN:514,(anonymous_35)
FN:515,(anonymous_36)
FN:516,(anonymous_37)
FN:518,(anonymous_38)
FN:524,(anonymous_39)
FN:527,(anonymous_40)
FN:528,(anonymous_41)
FN:535,(anonymous_42)
FN:548,(anonymous_43)
FN:551,(anonymous_44)
FN:561,(anonymous_45)
FN:564,(anonymous_46)
FN:570,(anonymous_47)
FN:574,(anonymous_48)
FN:580,(anonymous_49)
FN:604,(anonymous_50)
FN:615,(anonymous_51)
FN:623,(anonymous_52)
FN:642,(anonymous_53)
FN:653,(anonymous_54)
FN:727,(anonymous_55)
FN:739,(anonymous_56)
FN:745,(anonymous_57)
FN:746,(anonymous_58)
FN:759,(anonymous_59)
FN:759,(anonymous_60)
FN:774,(anonymous_61)
FN:792,(anonymous_62)
FN:805,(anonymous_63)
FN:806,(anonymous_64)
FN:810,(anonymous_65)
FN:837,(anonymous_66)
FN:839,(anonymous_67)
FN:848,(anonymous_68)
FN:855,(anonymous_69)
FN:864,(anonymous_70)
FN:866,(anonymous_71)
FN:875,(anonymous_72)
FNF:73
FNH:59
FNDA:63,(anonymous_0)
FNDA:8,(anonymous_1)
FNDA:14,(anonymous_2)
FNDA:63,(anonymous_3)
FNDA:7,(anonymous_4)
FNDA:7,(anonymous_5)
FNDA:2,(anonymous_6)
FNDA:7,(anonymous_7)
FNDA:2,(anonymous_8)
FNDA:7,(anonymous_9)
FNDA:2,(anonymous_10)
FNDA:7,(anonymous_11)
FNDA:2,(anonymous_12)
FNDA:7,(anonymous_13)
FNDA:10,(anonymous_14)
FNDA:12,(anonymous_15)
FNDA:0,(anonymous_16)
FNDA:1,(anonymous_17)
FNDA:20,(anonymous_18)
FNDA:27,(anonymous_19)
FNDA:27,(anonymous_20)
FNDA:0,(anonymous_21)
FNDA:1,(anonymous_22)
FNDA:1,(anonymous_23)
FNDA:2,(anonymous_24)
FNDA:2,(anonymous_25)
FNDA:4,(anonymous_26)
FNDA:2,(anonymous_27)
FNDA:2,(anonymous_28)
FNDA:0,(anonymous_29)
FNDA:2,(anonymous_30)
FNDA:0,(anonymous_31)
FNDA:0,(anonymous_32)
FNDA:7,(anonymous_33)
FNDA:7,(anonymous_34)
FNDA:7,(anonymous_35)
FNDA:7,(anonymous_36)
FNDA:7,(anonymous_37)
FNDA:6,(anonymous_38)
FNDA:7,(anonymous_39)
FNDA:6,(anonymous_40)
FNDA:12,(anonymous_41)
FNDA:10,(anonymous_42)
FNDA:4,(anonymous_43)
FNDA:14,(anonymous_44)
FNDA:4,(anonymous_45)
FNDA:11,(anonymous_46)
FNDA:8,(anonymous_47)
FNDA:7,(anonymous_48)
FNDA:27,(anonymous_49)
FNDA:20,(anonymous_50)
FNDA:7,(anonymous_51)
FNDA:8,(anonymous_52)
FNDA:2,(anonymous_53)
FNDA:1,(anonymous_54)
FNDA:1,(anonymous_55)
FNDA:62,(anonymous_56)
FNDA:1,(anonymous_57)
FNDA:1,(anonymous_58)
FNDA:1,(anonymous_59)
FNDA:1,(anonymous_60)
FNDA:1,(anonymous_61)
FNDA:0,(anonymous_62)
FNDA:0,(anonymous_63)
FNDA:0,(anonymous_64)
FNDA:0,(anonymous_65)
FNDA:1,(anonymous_66)
FNDA:0,(anonymous_67)
FNDA:4,(anonymous_68)
FNDA:0,(anonymous_69)
FNDA:0,(anonymous_70)
FNDA:0,(anonymous_71)
FNDA:0,(anonymous_72)
DA:102,2
DA:109,2
DA:124,63
DA:125,63
DA:126,63
DA:127,63
DA:128,63
DA:129,63
DA:130,63
DA:131,63
DA:132,63
DA:134,63
DA:135,63
DA:136,63
DA:138,63
DA:139,63
DA:140,63
DA:142,63
DA:143,63
DA:144,63
DA:146,63
DA:147,63
DA:148,63
DA:149,63
DA:151,63
DA:152,63
DA:153,63
DA:154,63
DA:155,63
DA:156,63
DA:157,63
DA:158,63
DA:159,63
DA:160,63
DA:161,63
DA:162,63
DA:164,63
DA:165,63
DA:170,63
DA:175,63
DA:176,63
DA:177,63
DA:178,63
DA:179,63
DA:181,63
DA:182,63
DA:183,63
DA:185,63
DA:186,63
DA:187,63
DA:188,63
DA:189,63
DA:190,63
DA:191,63
DA:192,63
DA:193,63
DA:194,63
DA:196,63
DA:198,63
DA:199,63
DA:200,63
DA:201,63
DA:203,63
DA:204,14
DA:208,63
DA:209,63
DA:216,63
DA:217,7
DA:225,63
DA:226,7
DA:233,63
DA:234,7
DA:242,63
DA:243,7
DA:250,63
DA:251,7
DA:258,63
DA:259,7
DA:263,63
DA:264,12
DA:268,63
DA:269,0
DA:270,0
DA:271,0
DA:274,63
DA:275,1
DA:276,1
DA:277,1
DA:278,1
DA:279,1
DA:280,1
DA:281,1
DA:282,1
DA:283,1
DA:284,1
DA:285,1
DA:286,1
DA:287,1
DA:288,1
DA:289,1
DA:290,1
DA:291,1
DA:292,1
DA:293,1
DA:296,63
DA:297,63
DA:298,63
DA:299,63
DA:300,63
DA:301,63
DA:302,63
DA:303,63
DA:305,63
DA:306,20
DA:344,63
DA:349,27
DA:350,27
DA:352,27
DA:353,7
DA:356,27
DA:358,27
DA:359,0
DA:362,27
DA:364,27
DA:365,27
DA:370,27
DA:371,27
DA:373,27
DA:374,27
DA:375,27
DA:376,27
DA:377,27
DA:378,27
DA:379,27
DA:380,27
DA:381,27
DA:382,27
DA:383,27
DA:384,27
DA:385,27
DA:386,27
DA:387,27
DA:388,27
DA:390,27
DA:391,27
DA:392,27
DA:447,63
DA:449,0
DA:450,0
DA:451,0
DA:456,63
DA:457,1
DA:458,1
DA:459,1
DA:460,1
DA:461,1
DA:464,63
DA:465,1
DA:466,1
DA:469,63
DA:470,2
DA:471,2
DA:474,63
DA:475,2
DA:476,4
DA:477,2
DA:478,2
DA:481,63
DA:482,2
DA:483,2
DA:486,63
DA:487,2
DA:488,2
DA:491,63
DA:492,0
DA:493,0
DA:496,63
DA:497,2
DA:498,2
DA:501,63
DA:502,0
DA:505,63
DA:506,0
DA:507,0
DA:508,0
DA:511,63
DA:512,7
DA:513,7
DA:514,7
DA:515,7
DA:516,7
DA:517,7
DA:518,6
DA:520,1
DA:524,63
DA:525,7
DA:526,6
DA:527,6
DA:528,12
DA:529,6
DA:530,6
DA:535,63
DA:536,10
DA:537,6
DA:538,6
DA:539,6
DA:540,6
DA:543,4
DA:545,4
DA:546,4
DA:547,4
DA:548,4
DA:551,63
DA:552,14
DA:553,10
DA:554,7
DA:556,10
DA:559,4
DA:560,4
DA:561,4
DA:564,63
DA:565,11
DA:566,7
DA:567,7
DA:570,8
DA:571,4
DA:574,63
DA:575,7
DA:576,7
DA:580,63
DA:581,27
DA:604,63
DA:605,20
DA:606,20
DA:607,20
DA:608,20
DA:609,20
DA:610,20
DA:611,20
DA:615,63
DA:616,7
DA:617,0
DA:618,7
DA:619,0
DA:623,63
DA:624,8
DA:627,63
DA:629,63
DA:642,2
DA:653,1
DA:728,1
DA:729,1
DA:740,62
DA:746,1
DA:747,1
DA:759,1
DA:774,1
DA:793,0
DA:794,0
DA:805,0
DA:806,0
DA:811,0
DA:812,0
DA:837,1
DA:839,0
DA:849,4
DA:855,0
DA:864,0
DA:866,0
DA:875,0
LF:270
LH:244
BRDA:111,0,0,63
BRDA:116,1,0,60
BRDA:117,2,0,63
BRDA:118,3,0,63
BRDA:128,4,0,0
BRDA:129,5,0,0
BRDA:130,6,0,0
BRDA:131,7,0,0
BRDA:132,8,0,0
BRDA:146,9,0,63
BRDA:146,9,1,63
BRDA:147,10,0,63
BRDA:147,10,1,63
BRDA:148,11,0,63
BRDA:148,11,1,0
BRDA:155,12,0,2
BRDA:155,12,1,61
BRDA:161,13,0,63
BRDA:161,13,1,0
BRDA:162,14,0,63
BRDA:162,14,1,32
BRDA:164,15,0,31
BRDA:164,15,1,32
BRDA:165,16,0,0
BRDA:165,16,1,63
BRDA:167,17,0,31
BRDA:167,17,1,32
BRDA:167,18,0,63
BRDA:167,18,1,31
BRDA:170,19,0,0
BRDA:170,19,1,63
BRDA:172,20,0,0
BRDA:172,20,1,63
BRDA:172,21,0,63
BRDA:172,21,1,0
BRDA:226,22,0,7
BRDA:226,22,1,7
BRDA:226,22,2,0
BRDA:227,23,0,2
BRDA:227,23,1,0
BRDA:227,24,0,0
BRDA:227,24,1,0
BRDA:228,25,0,2
BRDA:228,25,1,0
BRDA:234,26,0,7
BRDA:234,26,1,7
BRDA:234,26,2,0
BRDA:235,27,0,2
BRDA:235,27,1,0
BRDA:236,28,0,2
BRDA:236,28,1,0
BRDA:237,29,0,2
BRDA:237,29,1,0
BRDA:243,30,0,7
BRDA:243,30,1,7
BRDA:243,30,2,0
BRDA:244,31,0,2
BRDA:244,31,1,0
BRDA:244,32,0,0
BRDA:244,32,1,0
BRDA:245,33,0,2
BRDA:245,33,1,0
BRDA:251,34,0,7
BRDA:251,34,1,7
BRDA:251,34,2,0
BRDA:252,35,0,2
BRDA:252,35,1,0
BRDA:253,36,0,2
BRDA:253,36,1,0
BRDA:259,37,0,7
BRDA:259,37,1,7
BRDA:259,37,2,0
BRDA:296,38,0,20
BRDA:296,38,1,43
BRDA:297,39,0,18
BRDA:297,39,1,45
BRDA:298,40,0,39
BRDA:298,40,1,24
BRDA:299,41,0,35
BRDA:299,41,1,28
BRDA:300,42,0,14
BRDA:300,42,1,49
BRDA:301,43,0,12
BRDA:301,43,1,51
BRDA:302,44,0,10
BRDA:302,44,1,53
BRDA:303,45,0,0
BRDA:303,45,1,63
BRDA:349,46,0,27
BRDA:349,46,1,27
BRDA:350,47,0,27
BRDA:350,47,1,27
BRDA:352,48,0,7
BRDA:352,48,1,20
BRDA:353,49,0,0
BRDA:353,49,1,7
BRDA:356,50,0,16
BRDA:356,50,1,11
BRDA:358,51,0,0
BRDA:358,51,1,27
BRDA:362,52,0,0
BRDA:362,52,1,27
BRDA:362,53,0,1
BRDA:362,53,1,26
BRDA:364,54,0,0
BRDA:364,54,1,27
BRDA:370,55,0,0
BRDA:370,55,1,27
BRDA:371,56,0,27
BRDA:371,56,1,27
BRDA:373,57,0,27
BRDA:373,57,1,27
BRDA:374,58,0,27
BRDA:374,58,1,27
BRDA:375,59,0,27
BRDA:375,59,1,27
BRDA:376,60,0,27
BRDA:376,60,1,27
BRDA:377,61,0,27
BRDA:377,61,1,27
BRDA:378,62,0,27
BRDA:378,62,1,27
BRDA:379,63,0,27
BRDA:379,63,1,27
BRDA:380,64,0,27
BRDA:380,64,1,27
BRDA:381,65,0,27
BRDA:381,65,1,27
BRDA:382,66,0,27
BRDA:382,66,1,27
BRDA:383,67,0,27
BRDA:383,67,1,27
BRDA:384,68,0,27
BRDA:384,68,1,27
BRDA:385,69,0,27
BRDA:385,69,1,27
BRDA:386,70,0,27
BRDA:386,70,1,27
BRDA:387,71,0,27
BRDA:387,71,1,27
BRDA:388,72,0,27
BRDA:388,72,1,27
BRDA:459,73,0,0
BRDA:459,73,1,1
BRDA:477,74,0,2
BRDA:477,74,1,1
BRDA:505,75,0,0
BRDA:512,76,0,7
BRDA:512,76,1,0
BRDA:517,77,0,6
BRDA:517,77,1,1
BRDA:525,78,0,6
BRDA:525,78,1,1
BRDA:525,79,0,7
BRDA:525,79,1,6
BRDA:536,80,0,6
BRDA:536,80,1,4
BRDA:543,81,0,4
BRDA:543,81,1,2
BRDA:545,82,0,2
BRDA:545,82,1,2
BRDA:547,83,0,0
BRDA:547,83,1,4
BRDA:547,84,0,4
BRDA:547,84,1,2
BRDA:552,85,0,10
BRDA:552,85,1,4
BRDA:553,86,0,7
BRDA:553,86,1,3
BRDA:559,87,0,4
BRDA:559,87,1,2
BRDA:560,88,0,0
BRDA:560,88,1,4
BRDA:565,89,0,7
BRDA:565,89,1,4
BRDA:571,90,0,3
BRDA:571,90,1,1
BRDA:575,91,0,7
BRDA:575,91,1,0
BRDA:605,92,0,20
BRDA:605,92,1,0
BRDA:607,93,0,20
BRDA:607,93,1,0
BRDA:608,94,0,0
BRDA:608,94,1,20
BRDA:609,95,0,20
BRDA:609,95,1,0
BRDA:610,96,0,20
BRDA:610,96,1,20
BRDA:610,96,2,20
BRDA:610,96,3,0
BRDA:616,97,0,0
BRDA:616,97,1,7
BRDA:616,98,0,7
BRDA:616,98,1,7
BRDA:618,99,0,0
BRDA:618,99,1,7
BRDA:618,100,0,7
BRDA:618,100,1,7
BRDA:627,101,0,63
BRDA:627,101,1,63
BRDA:631,102,0,0
BRDA:631,102,1,63
BRDA:637,103,0,63
BRDA:637,103,1,63
BRDA:648,104,0,63
BRDA:648,104,1,63
BRDA:739,105,0,63
BRDA:739,105,1,31
BRDA:743,106,0,4
BRDA:743,106,1,58
BRDA:744,107,0,4
BRDA:744,107,1,58
BRDA:746,108,0,0
BRDA:746,108,1,1
BRDA:754,109,0,63
BRDA:754,109,1,63
BRDA:757,110,0,2
BRDA:757,110,1,61
BRDA:758,111,0,2
BRDA:758,111,1,61
BRDA:770,112,0,63
BRDA:770,112,1,63
BRDA:770,112,2,63
BRDA:770,112,3,63
BRDA:786,113,0,63
BRDA:786,113,1,0
BRDA:786,114,0,63
BRDA:786,114,1,61
BRDA:786,114,2,2
BRDA:786,114,3,2
BRDA:801,115,0,63
BRDA:801,115,1,61
BRDA:801,115,2,61
BRDA:810,116,0,0
BRDA:810,116,1,61
BRDA:816,117,0,61
BRDA:816,117,1,61
BRDA:844,118,0,63
BRDA:844,118,1,2
BRDA:844,118,2,2
BRDA:846,119,0,2
BRDA:846,119,1,0
BRDA:880,120,0,63
BRDA:880,120,1,0
BRF:245
BRH:191
end_of_record
TN:
SF:src\components\AllTickets\TicketsTable.tsx
FN:100,(anonymous_0)
FN:124,(anonymous_1)
FN:129,(anonymous_2)
FN:136,(anonymous_3)
FN:147,(anonymous_4)
FN:153,(anonymous_5)
FN:161,(anonymous_6)
FN:163,(anonymous_7)
FN:169,(anonymous_8)
FN:171,(anonymous_9)
FN:174,(anonymous_10)
FN:183,(anonymous_11)
FN:193,(anonymous_12)
FN:218,(anonymous_13)
FN:220,(anonymous_14)
FN:225,(anonymous_15)
FN:226,(anonymous_16)
FN:230,(anonymous_17)
FN:231,(anonymous_18)
FN:236,(anonymous_19)
FN:243,(anonymous_20)
FN:244,(anonymous_21)
FN:248,(anonymous_22)
FN:281,(anonymous_23)
FN:285,(anonymous_24)
FN:289,(anonymous_25)
FN:294,(anonymous_26)
FN:296,(anonymous_27)
FN:299,(anonymous_28)
FN:302,(anonymous_29)
FN:308,(anonymous_30)
FN:313,(anonymous_31)
FN:314,(anonymous_32)
FN:319,(anonymous_33)
FN:333,(anonymous_34)
FN:345,(anonymous_35)
FN:351,(anonymous_36)
FN:356,(anonymous_37)
FN:361,(anonymous_38)
FN:366,(anonymous_39)
FN:371,(anonymous_40)
FN:376,(anonymous_41)
FN:381,(anonymous_42)
FN:386,(anonymous_43)
FN:391,(anonymous_44)
FN:396,(anonymous_45)
FN:401,(anonymous_46)
FN:406,(anonymous_47)
FN:411,(anonymous_48)
FN:416,(anonymous_49)
FN:421,(anonymous_50)
FN:426,(anonymous_51)
FN:431,(anonymous_52)
FN:437,(anonymous_53)
FN:438,(anonymous_54)
FN:441,(anonymous_55)
FN:445,(anonymous_56)
FN:449,(anonymous_57)
FN:452,(anonymous_58)
FN:452,(anonymous_59)
FN:454,(anonymous_60)
FN:465,(anonymous_61)
FN:470,(anonymous_62)
FN:475,(anonymous_63)
FN:482,(anonymous_64)
FN:485,(anonymous_65)
FN:499,(anonymous_66)
FN:501,(anonymous_67)
FN:515,(anonymous_68)
FN:522,(anonymous_69)
FN:536,(anonymous_70)
FN:545,(anonymous_71)
FN:552,(anonymous_72)
FN:562,(anonymous_73)
FN:571,(anonymous_74)
FN:595,(anonymous_75)
FN:651,(anonymous_76)
FN:658,(anonymous_77)
FN:665,(anonymous_78)
FN:672,(anonymous_79)
FN:672,(anonymous_80)
FN:686,(anonymous_81)
FN:693,(anonymous_82)
FN:702,(anonymous_83)
FN:709,(anonymous_84)
FN:711,(anonymous_85)
FN:727,(anonymous_86)
FN:745,(anonymous_87)
FN:760,(anonymous_88)
FN:776,(anonymous_89)
FN:797,(anonymous_90)
FN:804,(anonymous_91)
FN:834,(anonymous_92)
FN:850,(anonymous_93)
FN:854,(anonymous_94)
FN:869,(anonymous_95)
FN:879,(anonymous_96)
FN:889,(anonymous_97)
FN:890,(anonymous_98)
FN:898,(anonymous_99)
FN:909,(anonymous_100)
FN:919,(anonymous_101)
FN:930,(anonymous_102)
FN:939,(anonymous_103)
FN:986,(anonymous_104)
FN:987,(anonymous_105)
FN:991,(anonymous_106)
FN:994,(anonymous_107)
FNF:108
FNH:76
FNDA:1,(anonymous_0)
FNDA:5,(anonymous_1)
FNDA:1,(anonymous_2)
FNDA:4,(anonymous_3)
FNDA:4,(anonymous_4)
FNDA:2,(anonymous_5)
FNDA:2,(anonymous_6)
FNDA:3,(anonymous_7)
FNDA:3,(anonymous_8)
FNDA:1,(anonymous_9)
FNDA:2,(anonymous_10)
FNDA:3,(anonymous_11)
FNDA:18,(anonymous_12)
FNDA:2,(anonymous_13)
FNDA:2,(anonymous_14)
FNDA:18,(anonymous_15)
FNDA:18,(anonymous_16)
FNDA:7,(anonymous_17)
FNDA:23,(anonymous_18)
FNDA:0,(anonymous_19)
FNDA:1,(anonymous_20)
FNDA:1,(anonymous_21)
FNDA:14,(anonymous_22)
FNDA:2,(anonymous_23)
FNDA:2,(anonymous_24)
FNDA:4,(anonymous_25)
FNDA:0,(anonymous_26)
FNDA:1,(anonymous_27)
FNDA:3,(anonymous_28)
FNDA:3,(anonymous_29)
FNDA:2,(anonymous_30)
FNDA:1,(anonymous_31)
FNDA:2,(anonymous_32)
FNDA:11,(anonymous_33)
FNDA:3,(anonymous_34)
FNDA:0,(anonymous_35)
FNDA:18,(anonymous_36)
FNDA:3,(anonymous_37)
FNDA:0,(anonymous_38)
FNDA:0,(anonymous_39)
FNDA:0,(anonymous_40)
FNDA:1,(anonymous_41)
FNDA:0,(anonymous_42)
FNDA:0,(anonymous_43)
FNDA:0,(anonymous_44)
FNDA:0,(anonymous_45)
FNDA:0,(anonymous_46)
FNDA:0,(anonymous_47)
FNDA:0,(anonymous_48)
FNDA:2,(anonymous_49)
FNDA:0,(anonymous_50)
FNDA:0,(anonymous_51)
FNDA:3,(anonymous_52)
FNDA:18,(anonymous_53)
FNDA:271,(anonymous_54)
FNDA:2,(anonymous_55)
FNDA:30,(anonymous_56)
FNDA:2,(anonymous_57)
FNDA:3,(anonymous_58)
FNDA:9,(anonymous_59)
FNDA:4,(anonymous_60)
FNDA:36,(anonymous_61)
FNDA:2,(anonymous_62)
FNDA:2,(anonymous_63)
FNDA:1,(anonymous_64)
FNDA:3,(anonymous_65)
FNDA:1,(anonymous_66)
FNDA:1,(anonymous_67)
FNDA:1,(anonymous_68)
FNDA:2,(anonymous_69)
FNDA:1,(anonymous_70)
FNDA:2,(anonymous_71)
FNDA:3,(anonymous_72)
FNDA:0,(anonymous_73)
FNDA:3,(anonymous_74)
FNDA:2,(anonymous_75)
FNDA:0,(anonymous_76)
FNDA:2,(anonymous_77)
FNDA:0,(anonymous_78)
FNDA:0,(anonymous_79)
FNDA:0,(anonymous_80)
FNDA:18,(anonymous_81)
FNDA:72,(anonymous_82)
FNDA:18,(anonymous_83)
FNDA:0,(anonymous_84)
FNDA:0,(anonymous_85)
FNDA:0,(anonymous_86)
FNDA:0,(anonymous_87)
FNDA:0,(anonymous_88)
FNDA:1,(anonymous_89)
FNDA:0,(anonymous_90)
FNDA:1,(anonymous_91)
FNDA:0,(anonymous_92)
FNDA:5,(anonymous_93)
FNDA:0,(anonymous_94)
FNDA:4,(anonymous_95)
FNDA:0,(anonymous_96)
FNDA:12,(anonymous_97)
FNDA:12,(anonymous_98)
FNDA:2,(anonymous_99)
FNDA:1,(anonymous_100)
FNDA:1,(anonymous_101)
FNDA:0,(anonymous_102)
FNDA:162,(anonymous_103)
FNDA:1,(anonymous_104)
FNDA:0,(anonymous_105)
FNDA:2,(anonymous_106)
FNDA:0,(anonymous_107)
DA:100,2
DA:101,1
DA:102,1
DA:104,0
DA:106,0
DA:107,0
DA:108,0
DA:109,0
DA:110,0
DA:119,0
DA:124,2
DA:125,5
DA:126,5
DA:129,2
DA:130,1
DA:131,1
DA:132,1
DA:133,1
DA:136,2
DA:137,4
DA:138,4
DA:139,4
DA:141,4
DA:142,4
DA:143,4
DA:144,4
DA:147,2
DA:148,4
DA:153,2
DA:154,2
DA:155,2
DA:156,1
DA:158,1
DA:161,2
DA:162,2
DA:164,3
DA:165,3
DA:166,3
DA:167,3
DA:169,3
DA:171,2
DA:174,2
DA:175,2
DA:176,2
DA:177,2
DA:178,1
DA:179,0
DA:180,0
DA:183,2
DA:184,3
DA:185,3
DA:186,3
DA:187,3
DA:188,3
DA:189,3
DA:190,2
DA:193,2
DA:194,18
DA:196,18
DA:198,18
DA:200,18
DA:201,18
DA:202,18
DA:204,18
DA:205,18
DA:206,18
DA:207,18
DA:208,18
DA:209,18
DA:210,18
DA:211,18
DA:212,18
DA:214,18
DA:216,18
DA:217,18
DA:218,18
DA:219,18
DA:220,18
DA:221,18
DA:223,18
DA:225,18
DA:226,18
DA:228,18
DA:230,18
DA:231,7
DA:232,23
DA:236,18
DA:237,0
DA:243,18
DA:244,1
DA:245,1
DA:248,18
DA:249,14
DA:251,0
DA:253,4
DA:255,0
DA:259,0
DA:261,0
DA:263,1
DA:265,2
DA:267,0
DA:269,0
DA:271,0
DA:273,0
DA:275,3
DA:277,4
DA:281,18
DA:282,2
DA:283,2
DA:285,2
DA:286,1
DA:289,4
DA:290,1
DA:294,18
DA:296,18
DA:297,1
DA:298,1
DA:299,3
DA:300,1
DA:301,1
DA:302,3
DA:303,1
DA:304,1
DA:305,1
DA:308,18
DA:309,2
DA:310,2
DA:313,18
DA:314,18
DA:315,2
DA:318,18
DA:319,11
DA:333,18
DA:334,3
DA:335,1
DA:336,1
DA:337,1
DA:339,2
DA:340,2
DA:341,2
DA:342,2
DA:345,18
DA:346,0
DA:347,0
DA:348,0
DA:351,18
DA:352,18
DA:356,3
DA:361,0
DA:366,0
DA:371,0
DA:376,1
DA:381,0
DA:386,0
DA:391,0
DA:396,0
DA:401,0
DA:406,0
DA:411,0
DA:416,2
DA:421,0
DA:426,0
DA:431,3
DA:434,18
DA:437,18
DA:438,271
DA:441,18
DA:442,2
DA:444,2
DA:445,30
DA:446,2
DA:449,18
DA:452,9
DA:454,18
DA:455,4
DA:465,36
DA:467,4
DA:470,18
DA:471,2
DA:472,2
DA:473,2
DA:474,2
DA:475,2
DA:479,2
DA:482,18
DA:483,1
DA:484,1
DA:485,3
DA:486,1
DA:487,1
DA:488,1
DA:489,1
DA:491,1
DA:499,1
DA:501,1
DA:508,1
DA:509,1
DA:510,1
DA:511,1
DA:512,1
DA:515,18
DA:516,1
DA:517,1
DA:518,1
DA:519,1
DA:520,1
DA:521,1
DA:522,2
DA:524,1
DA:525,1
DA:526,1
DA:527,1
DA:528,1
DA:529,1
DA:530,1
DA:532,1
DA:533,1
DA:534,1
DA:535,1
DA:536,1
DA:537,1
DA:538,1
DA:542,1
DA:543,1
DA:544,1
DA:545,1
DA:546,2
DA:547,2
DA:551,1
DA:552,3
DA:559,1
DA:562,18
DA:563,0
DA:564,0
DA:565,0
DA:567,0
DA:568,0
DA:571,18
DA:572,3
DA:573,0
DA:574,0
DA:577,3
DA:578,3
DA:579,1
DA:580,1
DA:583,2
DA:584,0
DA:587,2
DA:588,2
DA:589,2
DA:591,2
DA:592,2
DA:594,2
DA:595,2
DA:610,2
DA:611,0
DA:614,2
DA:615,0
DA:616,0
DA:617,0
DA:620,2
DA:621,2
DA:622,0
DA:623,0
DA:624,0
DA:627,2
DA:628,1
DA:630,1
DA:633,2
DA:634,2
DA:635,2
DA:637,0
DA:638,0
DA:640,0
DA:641,0
DA:642,0
DA:645,0
DA:647,2
DA:651,18
DA:652,0
DA:653,0
DA:658,18
DA:659,2
DA:660,2
DA:666,0
DA:672,0
DA:673,0
DA:674,0
DA:675,0
DA:676,0
DA:685,18
DA:687,18
DA:694,72
DA:701,18
DA:702,18
DA:710,0
DA:711,0
DA:728,0
DA:746,0
DA:747,0
DA:761,0
DA:762,0
DA:777,1
DA:778,1
DA:779,1
DA:797,0
DA:805,1
DA:806,1
DA:818,0
DA:819,0
DA:835,0
DA:836,0
DA:837,0
DA:838,0
DA:851,5
DA:852,1
DA:853,1
DA:854,1
DA:855,0
DA:856,0
DA:857,0
DA:859,0
DA:861,1
DA:867,4
DA:868,4
DA:869,4
DA:870,4
DA:872,4
DA:873,4
DA:874,4
DA:879,0
DA:889,12
DA:892,12
DA:893,12
DA:894,3
DA:898,2
DA:904,9
DA:905,9
DA:909,1
DA:919,1
DA:930,0
DA:940,162
DA:941,17
DA:943,145
DA:967,18
DA:986,1
DA:987,0
DA:992,2
DA:993,2
DA:994,0
LF:350
LH:266
BRDA:101,0,0,1
BRDA:101,0,1,0
BRDA:102,1,0,1
BRDA:102,1,1,0
BRDA:109,2,0,0
BRDA:109,2,1,0
BRDA:111,3,0,0
BRDA:111,3,1,0
BRDA:125,4,0,0
BRDA:125,4,1,5
BRDA:130,5,0,0
BRDA:130,5,1,1
BRDA:132,6,0,0
BRDA:132,6,1,1
BRDA:137,7,0,0
BRDA:137,7,1,4
BRDA:139,8,0,0
BRDA:139,8,1,4
BRDA:154,9,0,2
BRDA:154,9,1,1
BRDA:155,10,0,1
BRDA:155,10,1,1
BRDA:155,11,0,2
BRDA:155,11,1,1
BRDA:158,12,0,1
BRDA:158,12,1,1
BRDA:158,12,2,1
BRDA:165,13,0,0
BRDA:165,13,1,3
BRDA:166,14,0,3
BRDA:166,14,1,0
BRDA:175,15,0,0
BRDA:175,15,1,2
BRDA:176,16,0,0
BRDA:176,16,1,2
BRDA:177,17,0,1
BRDA:177,17,1,1
BRDA:178,18,0,1
BRDA:178,18,1,0
BRDA:179,19,0,0
BRDA:179,19,1,0
BRDA:184,20,0,0
BRDA:184,20,1,3
BRDA:184,21,0,3
BRDA:184,21,1,3
BRDA:187,22,0,0
BRDA:187,22,1,3
BRDA:187,23,0,3
BRDA:187,23,1,3
BRDA:189,24,0,1
BRDA:189,24,1,2
BRDA:193,25,0,17
BRDA:193,26,0,18
BRDA:193,27,0,16
BRDA:193,28,0,16
BRDA:193,29,0,14
BRDA:193,30,0,16
BRDA:193,31,0,16
BRDA:193,32,0,16
BRDA:193,33,0,16
BRDA:193,34,0,16
BRDA:193,35,0,16
BRDA:193,36,0,16
BRDA:193,37,0,16
BRDA:193,38,0,16
BRDA:193,39,0,16
BRDA:218,40,0,18
BRDA:218,40,1,16
BRDA:231,41,0,7
BRDA:231,41,1,0
BRDA:231,42,0,7
BRDA:231,42,1,0
BRDA:237,43,0,0
BRDA:237,43,1,0
BRDA:237,44,0,0
BRDA:237,44,1,0
BRDA:244,45,0,1
BRDA:244,45,1,0
BRDA:245,46,0,1
BRDA:245,46,1,1
BRDA:249,47,0,0
BRDA:249,47,1,4
BRDA:249,47,2,0
BRDA:249,47,3,0
BRDA:249,47,4,0
BRDA:249,47,5,0
BRDA:249,47,6,0
BRDA:249,47,7,1
BRDA:249,47,8,2
BRDA:249,47,9,0
BRDA:249,47,10,0
BRDA:249,47,11,0
BRDA:249,47,12,0
BRDA:249,47,13,3
BRDA:249,47,14,4
BRDA:283,48,0,1
BRDA:283,48,1,1
BRDA:297,49,0,1
BRDA:297,49,1,0
BRDA:297,50,0,1
BRDA:297,50,1,0
BRDA:301,51,0,1
BRDA:301,51,1,1
BRDA:301,51,2,1
BRDA:301,51,3,0
BRDA:302,52,0,1
BRDA:302,52,1,0
BRDA:334,53,0,1
BRDA:334,53,1,2
BRDA:361,54,0,0
BRDA:361,54,1,0
BRDA:366,55,0,0
BRDA:366,55,1,0
BRDA:371,56,0,0
BRDA:371,56,1,0
BRDA:376,57,0,1
BRDA:376,57,1,0
BRDA:381,58,0,0
BRDA:381,58,1,0
BRDA:386,59,0,0
BRDA:386,59,1,0
BRDA:391,60,0,0
BRDA:391,60,1,0
BRDA:391,60,2,0
BRDA:396,61,0,0
BRDA:396,61,1,0
BRDA:396,61,2,0
BRDA:401,62,0,0
BRDA:401,62,1,0
BRDA:406,63,0,0
BRDA:406,63,1,0
BRDA:408,64,0,18
BRDA:408,64,1,1
BRDA:411,65,0,0
BRDA:411,65,1,0
BRDA:411,65,2,0
BRDA:416,66,0,2
BRDA:416,66,1,0
BRDA:421,67,0,0
BRDA:421,67,1,0
BRDA:421,67,2,0
BRDA:426,68,0,0
BRDA:426,68,1,0
BRDA:426,68,2,0
BRDA:431,69,0,3
BRDA:431,69,1,3
BRDA:431,69,2,3
BRDA:431,70,0,3
BRDA:431,70,1,0
BRDA:442,71,0,0
BRDA:442,71,1,2
BRDA:446,72,0,2
BRDA:446,72,1,0
BRDA:461,73,0,4
BRDA:461,73,1,4
BRDA:479,74,0,2
BRDA:479,74,1,0
BRDA:500,75,0,1
BRDA:500,75,1,0
BRDA:533,76,0,1
BRDA:533,76,1,0
BRDA:542,77,0,1
BRDA:542,77,1,0
BRDA:557,78,0,1
BRDA:557,78,1,0
BRDA:563,79,0,0
BRDA:563,79,1,0
BRDA:572,80,0,0
BRDA:572,80,1,3
BRDA:572,81,0,3
BRDA:572,81,1,3
BRDA:578,82,0,1
BRDA:578,82,1,2
BRDA:583,83,0,0
BRDA:583,83,1,2
BRDA:610,84,0,0
BRDA:610,84,1,2
BRDA:614,85,0,0
BRDA:614,85,1,2
BRDA:621,86,0,0
BRDA:621,86,1,2
BRDA:627,87,0,1
BRDA:627,87,1,1
BRDA:637,88,0,0
BRDA:637,88,1,0
BRDA:637,89,0,0
BRDA:637,89,1,0
BRDA:642,90,0,0
BRDA:642,90,1,0
BRDA:652,91,0,0
BRDA:652,91,1,0
BRDA:659,92,0,0
BRDA:659,92,1,2
BRDA:659,93,0,2
BRDA:659,93,1,2
BRDA:675,94,0,0
BRDA:675,94,1,0
BRDA:714,95,0,0
BRDA:714,95,1,0
BRDA:715,96,0,0
BRDA:715,96,1,0
BRDA:715,97,0,0
BRDA:715,97,1,0
BRDA:728,98,0,0
BRDA:728,98,1,0
BRDA:746,99,0,0
BRDA:746,99,1,0
BRDA:761,100,0,0
BRDA:761,100,1,0
BRDA:769,101,0,18
BRDA:769,101,1,1
BRDA:777,102,0,1
BRDA:777,102,1,0
BRDA:777,102,2,0
BRDA:777,102,3,0
BRDA:778,103,0,0
BRDA:778,103,1,1
BRDA:778,104,0,1
BRDA:778,104,1,1
BRDA:779,105,0,0
BRDA:779,105,1,1
BRDA:783,106,0,1
BRDA:783,106,1,0
BRDA:797,107,0,0
BRDA:797,107,1,0
BRDA:805,108,0,1
BRDA:805,108,1,0
BRDA:809,109,0,1
BRDA:809,109,1,0
BRDA:810,110,0,1
BRDA:810,110,1,1
BRDA:818,111,0,0
BRDA:818,111,1,0
BRDA:818,111,2,0
BRDA:819,112,0,0
BRDA:819,112,1,0
BRDA:835,113,0,0
BRDA:835,113,1,0
BRDA:836,114,0,0
BRDA:836,114,1,0
BRDA:837,115,0,0
BRDA:837,115,1,0
BRDA:837,116,0,0
BRDA:837,116,1,0
BRDA:837,116,2,0
BRDA:839,117,0,0
BRDA:839,117,1,0
BRDA:851,118,0,1
BRDA:851,118,1,4
BRDA:853,119,0,0
BRDA:853,119,1,1
BRDA:855,120,0,0
BRDA:855,120,1,0
BRDA:868,121,0,4
BRDA:868,121,1,3
BRDA:868,122,0,4
BRDA:868,122,1,0
BRDA:870,123,0,4
BRDA:870,123,1,3
BRDA:889,124,0,12
BRDA:889,124,1,12
BRDA:893,125,0,3
BRDA:893,125,1,9
BRDA:917,126,0,4
BRDA:917,126,1,3
BRDA:922,127,0,4
BRDA:922,127,1,0
BRDA:922,127,2,0
BRDA:924,128,0,0
BRDA:924,128,1,0
BRDA:927,129,0,0
BRDA:927,129,1,0
BRDA:930,130,0,0
BRDA:930,130,1,0
BRDA:930,131,0,0
BRDA:930,131,1,0
BRDA:940,132,0,17
BRDA:940,132,1,145
BRDA:940,133,0,162
BRDA:940,133,1,145
BRDA:986,134,0,1
BRDA:986,134,1,0
BRDA:1005,135,0,18
BRDA:1005,135,1,18
BRF:284
BRH:133
end_of_record
TN:
SF:src\components\AllTickets\ViewTicket.tsx
FN:29,(anonymous_0)
FN:43,(anonymous_1)
FN:45,(anonymous_2)
FN:46,(anonymous_3)
FN:48,(anonymous_4)
FN:51,(anonymous_5)
FN:53,(anonymous_6)
FN:59,(anonymous_7)
FN:69,(anonymous_8)
FN:79,(anonymous_9)
FN:79,(anonymous_10)
FN:81,(anonymous_11)
FN:85,(anonymous_12)
FN:92,(anonymous_13)
FN:103,(anonymous_14)
FN:107,(anonymous_15)
FN:120,(anonymous_16)
FN:124,(anonymous_17)
FN:129,(anonymous_18)
FN:155,(anonymous_19)
FNF:20
FNH:8
FNDA:7,(anonymous_0)
FNDA:5,(anonymous_1)
FNDA:1,(anonymous_2)
FNDA:4,(anonymous_3)
FNDA:0,(anonymous_4)
FNDA:4,(anonymous_5)
FNDA:0,(anonymous_6)
FNDA:5,(anonymous_7)
FNDA:0,(anonymous_8)
FNDA:0,(anonymous_9)
FNDA:0,(anonymous_10)
FNDA:0,(anonymous_11)
FNDA:1,(anonymous_12)
FNDA:0,(anonymous_13)
FNDA:0,(anonymous_14)
FNDA:0,(anonymous_15)
FNDA:0,(anonymous_16)
FNDA:0,(anonymous_17)
FNDA:0,(anonymous_18)
FNDA:1,(anonymous_19)
DA:29,2
DA:30,7
DA:31,7
DA:32,7
DA:33,7
DA:34,7
DA:35,7
DA:36,7
DA:37,7
DA:38,7
DA:39,7
DA:40,7
DA:41,7
DA:43,7
DA:44,5
DA:45,4
DA:46,4
DA:47,4
DA:48,4
DA:49,4
DA:51,4
DA:52,4
DA:53,4
DA:54,4
DA:59,7
DA:60,5
DA:61,3
DA:62,3
DA:63,3
DA:64,3
DA:65,3
DA:69,7
DA:70,0
DA:71,0
DA:79,0
DA:80,0
DA:81,0
DA:85,7
DA:86,1
DA:87,1
DA:89,7
DA:90,7
DA:92,7
DA:93,0
DA:94,0
DA:95,0
DA:96,0
DA:97,0
DA:98,0
DA:99,0
DA:103,7
DA:104,0
DA:107,0
DA:120,7
DA:121,0
DA:124,0
DA:130,0
DA:138,7
DA:139,7
DA:141,7
DA:143,6
DA:155,1
LF:62
LH:45
BRDA:44,0,0,4
BRDA:44,0,1,1
BRDA:47,1,0,4
BRDA:47,1,1,0
BRDA:52,2,0,4
BRDA:52,2,1,0
BRDA:60,3,0,3
BRDA:60,3,1,2
BRDA:61,4,0,3
BRDA:61,4,1,2
BRDA:62,5,0,3
BRDA:62,5,1,2
BRDA:63,6,0,3
BRDA:63,6,1,2
BRDA:64,7,0,3
BRDA:64,7,1,2
BRDA:65,8,0,3
BRDA:65,8,1,2
BRDA:70,9,0,0
BRDA:70,9,1,0
BRDA:94,10,0,0
BRDA:94,10,1,0
BRDA:95,11,0,0
BRDA:95,11,1,0
BRDA:96,12,0,0
BRDA:96,12,1,0
BRDA:97,13,0,0
BRDA:97,13,1,0
BRDA:98,14,0,0
BRDA:98,14,1,0
BRDA:99,15,0,0
BRDA:99,15,1,0
BRDA:104,16,0,0
BRDA:104,16,1,0
BRDA:111,17,0,0
BRDA:111,17,1,0
BRDA:116,18,0,0
BRDA:116,18,1,0
BRDA:121,19,0,0
BRDA:121,19,1,0
BRDA:129,20,0,0
BRDA:129,20,1,0
BRDA:129,21,0,0
BRDA:129,21,1,0
BRDA:134,22,0,0
BRDA:134,22,1,0
BRDA:138,23,0,5
BRDA:138,23,1,2
BRDA:138,24,0,5
BRDA:138,24,1,2
BRDA:138,24,2,2
BRDA:138,25,0,3
BRDA:138,25,1,2
BRDA:139,26,0,5
BRDA:139,26,1,2
BRDA:139,27,0,5
BRDA:139,27,1,2
BRDA:139,28,0,3
BRDA:139,28,1,2
BRDA:141,29,0,1
BRDA:141,29,1,6
BRDA:154,30,0,6
BRDA:154,30,1,5
BRDA:160,31,0,6
BRDA:160,31,1,5
BRDA:162,32,0,5
BRDA:162,32,1,5
BRF:67
BRH:37
end_of_record
TN:
SF:src\components\AssignmentHistory\index.tsx
FN:23,(anonymous_0)
FN:28,(anonymous_1)
FN:29,(anonymous_2)
FN:39,(anonymous_3)
FN:41,(anonymous_4)
FN:44,(anonymous_5)
FN:45,(anonymous_6)
FN:49,(anonymous_7)
FN:50,(anonymous_8)
FN:51,(anonymous_9)
FN:52,(anonymous_10)
FN:79,(anonymous_11)
FN:83,(anonymous_12)
FNF:13
FNH:13
FNDA:3,(anonymous_0)
FNDA:2,(anonymous_1)
FNDA:3,(anonymous_2)
FNDA:4,(anonymous_3)
FNDA:4,(anonymous_4)
FNDA:2,(anonymous_5)
FNDA:2,(anonymous_6)
FNDA:6,(anonymous_7)
FNDA:6,(anonymous_8)
FNDA:6,(anonymous_9)
FNDA:6,(anonymous_10)
FNDA:4,(anonymous_11)
FNDA:2,(anonymous_12)
DA:23,2
DA:24,3
DA:25,3
DA:26,3
DA:28,3
DA:29,3
DA:32,3
DA:39,4
DA:41,4
DA:44,3
DA:45,2
DA:48,3
DA:49,6
DA:50,6
DA:51,6
DA:52,6
DA:55,3
DA:79,4
DA:84,2
LF:19
LH:19
BRDA:41,0,0,4
BRDA:41,0,1,0
BRDA:44,1,0,2
BRDA:44,1,1,0
BRDA:49,2,0,6
BRDA:49,2,1,0
BRDA:50,3,0,6
BRDA:50,3,1,0
BRDA:51,4,0,6
BRDA:51,4,1,0
BRDA:52,5,0,6
BRDA:52,5,1,0
BRDA:73,6,0,2
BRDA:73,6,1,1
BRDA:79,7,0,2
BRDA:79,7,1,2
BRDA:86,8,0,1
BRDA:86,8,1,1
BRDA:87,9,0,2
BRDA:87,9,1,1
BRDA:95,10,0,2
BRDA:95,10,1,2
BRF:22
BRH:16
end_of_record
TN:
SF:src\components\CategoriesMaster\CategoryListItem.tsx
FN:26,(anonymous_0)
FN:27,(anonymous_1)
FN:43,(anonymous_2)
FN:60,(anonymous_3)
FN:64,(anonymous_4)
FN:73,(anonymous_5)
FN:81,(anonymous_6)
FN:90,(anonymous_7)
FN:112,(anonymous_8)
FN:113,(anonymous_9)
FNF:10
FNH:10
FNDA:13,(anonymous_0)
FNDA:5,(anonymous_1)
FNDA:16,(anonymous_2)
FNDA:40,(anonymous_3)
FNDA:29,(anonymous_4)
FNDA:3,(anonymous_5)
FNDA:1,(anonymous_6)
FNDA:1,(anonymous_7)
FNDA:3,(anonymous_8)
FNDA:1,(anonymous_9)
DA:26,2
DA:27,13
DA:28,13
DA:29,13
DA:30,13
DA:31,13
DA:32,13
DA:33,13
DA:35,13
DA:36,2
DA:37,2
DA:39,11
DA:40,8
DA:43,2
DA:44,16
DA:45,16
DA:46,16
DA:47,16
DA:48,16
DA:49,16
DA:50,16
DA:52,16
DA:53,9
DA:54,8
DA:56,7
DA:57,7
DA:60,2
DA:61,40
DA:62,40
DA:64,40
DA:65,29
DA:66,13
DA:68,16
DA:71,40
DA:73,40
DA:74,3
DA:75,1
DA:77,2
DA:81,40
DA:82,1
DA:83,1
DA:84,1
DA:86,0
DA:90,40
DA:91,1
DA:92,1
DA:93,1
DA:95,0
DA:99,40
DA:112,3
DA:113,1
LF:51
LH:49
BRDA:27,0,0,13
BRDA:27,0,1,13
BRDA:35,1,0,2
BRDA:35,1,1,11
BRDA:36,2,0,0
BRDA:36,2,1,2
BRDA:37,3,0,1
BRDA:37,3,1,1
BRDA:39,4,0,3
BRDA:39,4,1,8
BRDA:40,5,0,0
BRDA:40,5,1,8
BRDA:52,6,0,9
BRDA:52,6,1,7
BRDA:53,7,0,1
BRDA:53,7,1,8
BRDA:54,8,0,1
BRDA:54,8,1,7
BRDA:56,9,0,0
BRDA:56,9,1,7
BRDA:57,10,0,0
BRDA:57,10,1,7
BRDA:65,11,0,13
BRDA:65,11,1,16
BRDA:71,12,0,16
BRDA:71,12,1,24
BRDA:74,13,0,1
BRDA:74,13,1,2
BRDA:83,14,0,1
BRDA:83,14,1,0
BRDA:92,15,0,1
BRDA:92,15,1,0
BRDA:103,16,0,4
BRDA:103,16,1,36
BRDA:117,17,0,40
BRDA:117,17,1,4
BRDA:117,17,2,36
BRDA:118,18,0,1
BRDA:118,18,1,35
BRDA:119,19,0,36
BRDA:119,19,1,36
BRDA:120,20,0,36
BRDA:120,20,1,36
BRF:43
BRH:37
end_of_record
TN:
SF:src\components\Comments\CommentsSection.tsx
FN:31,(anonymous_0)
FN:44,(anonymous_1)
FN:57,(anonymous_2)
FN:61,(anonymous_3)
FN:62,(anonymous_4)
FN:62,(anonymous_5)
FN:73,(anonymous_6)
FN:80,(anonymous_7)
FN:80,(anonymous_8)
FN:86,(anonymous_9)
FN:91,(anonymous_10)
FN:92,(anonymous_11)
FN:92,(anonymous_12)
FN:99,(anonymous_13)
FN:100,(anonymous_14)
FN:100,(anonymous_15)
FN:113,(anonymous_16)
FN:120,(anonymous_17)
FN:127,(anonymous_18)
FN:129,(anonymous_19)
FN:130,(anonymous_20)
FN:140,(anonymous_21)
FN:141,(anonymous_22)
FN:149,(anonymous_23)
FNF:24
FNH:23
FNDA:61,(anonymous_0)
FNDA:42,(anonymous_1)
FNDA:5,(anonymous_2)
FNDA:9,(anonymous_3)
FNDA:9,(anonymous_4)
FNDA:9,(anonymous_5)
FNDA:1,(anonymous_6)
FNDA:1,(anonymous_7)
FNDA:1,(anonymous_8)
FNDA:1,(anonymous_9)
FNDA:1,(anonymous_10)
FNDA:1,(anonymous_11)
FNDA:1,(anonymous_12)
FNDA:1,(anonymous_13)
FNDA:1,(anonymous_14)
FNDA:1,(anonymous_15)
FNDA:11,(anonymous_16)
FNDA:78,(anonymous_17)
FNDA:16,(anonymous_18)
FNDA:1,(anonymous_19)
FNDA:0,(anonymous_20)
FNDA:1,(anonymous_21)
FNDA:1,(anonymous_22)
FNDA:1,(anonymous_23)
DA:31,2
DA:32,61
DA:33,61
DA:34,60
DA:35,60
DA:36,60
DA:37,60
DA:38,60
DA:39,60
DA:40,60
DA:41,60
DA:44,2
DA:45,42
DA:46,42
DA:47,42
DA:48,42
DA:49,42
DA:51,42
DA:52,42
DA:53,42
DA:54,42
DA:55,42
DA:57,42
DA:58,5
DA:61,42
DA:62,9
DA:63,9
DA:64,1
DA:65,1
DA:67,8
DA:68,8
DA:73,42
DA:74,1
DA:75,1
DA:80,1
DA:81,1
DA:82,1
DA:86,42
DA:87,1
DA:88,1
DA:91,42
DA:92,1
DA:93,1
DA:94,1
DA:95,1
DA:99,42
DA:100,1
DA:101,1
DA:105,42
DA:106,42
DA:113,11
DA:121,78
DA:127,16
DA:129,1
DA:130,0
DA:140,1
DA:141,1
DA:149,1
LF:58
LH:57
BRDA:33,0,0,1
BRDA:33,0,1,60
BRDA:35,1,0,0
BRDA:35,1,1,60
BRDA:37,2,0,0
BRDA:37,2,1,60
BRDA:39,3,0,0
BRDA:39,3,1,60
BRDA:44,4,0,40
BRDA:63,5,0,1
BRDA:63,5,1,8
BRDA:63,6,0,9
BRDA:63,6,1,7
BRDA:74,7,0,0
BRDA:74,7,1,1
BRDA:74,8,0,1
BRDA:74,8,1,1
BRDA:108,9,0,42
BRDA:108,9,1,40
BRDA:119,10,0,42
BRDA:119,10,1,6
BRDA:122,11,0,17
BRDA:122,11,1,61
BRDA:136,12,0,61
BRDA:136,12,1,0
BRDA:138,13,0,61
BRDA:138,13,1,59
BRDA:138,13,2,59
BRDA:138,13,3,59
BRDA:138,13,4,58
BRDA:148,14,0,42
BRDA:148,14,1,1
BRF:32
BRH:27
end_of_record
TN:
SF:src\components\Dashboard\CustomMetricCard.tsx
FN:44,(anonymous_0)
FN:59,(anonymous_1)
FN:61,(anonymous_2)
FN:69,(anonymous_3)
FN:89,(anonymous_4)
FN:104,(anonymous_5)
FN:125,(anonymous_6)
FNF:7
FNH:6
FNDA:12,(anonymous_0)
FNDA:1,(anonymous_1)
FNDA:0,(anonymous_2)
FNDA:9,(anonymous_3)
FNDA:4,(anonymous_4)
FNDA:2,(anonymous_5)
FNDA:1,(anonymous_6)
DA:26,2
DA:44,2
DA:45,12
DA:47,12
DA:48,11
DA:49,11
DA:50,11
DA:53,1
DA:54,1
DA:56,1
DA:59,2
DA:60,1
DA:61,0
DA:69,2
DA:70,9
DA:71,9
DA:72,9
DA:74,9
DA:89,2
DA:98,4
DA:100,4
DA:101,1
DA:104,3
DA:106,3
DA:126,1
DA:127,1
LF:26
LH:25
BRDA:44,0,0,0
BRDA:45,1,0,12
BRDA:45,1,1,2
BRDA:47,2,0,11
BRDA:47,2,1,1
BRDA:50,3,0,11
BRDA:50,3,1,0
BRDA:50,4,0,11
BRDA:50,4,1,11
BRDA:54,5,0,0
BRDA:54,5,1,1
BRDA:54,6,0,1
BRDA:54,6,1,1
BRDA:60,7,0,1
BRDA:60,7,1,0
BRDA:72,8,0,9
BRDA:72,8,1,1
BRDA:79,9,0,9
BRDA:79,9,1,0
BRDA:82,10,0,9
BRDA:82,10,1,7
BRDA:84,11,0,3
BRDA:84,11,1,6
BRDA:84,12,0,9
BRDA:84,12,1,8
BRDA:96,13,0,3
BRDA:100,14,0,1
BRDA:100,14,1,3
BRDA:104,15,0,3
BRDA:104,15,1,2
BRDA:113,16,0,2
BRDA:113,16,1,1
BRDA:123,17,0,1
BRDA:123,17,1,2
BRDA:128,18,0,1
BRDA:128,18,1,0
BRF:36
BRH:30
end_of_record
TN:
SF:src\components\DivisionHistory\index.tsx
FN:25,(anonymous_0)
FN:32,(anonymous_1)
FN:37,(anonymous_2)
FN:38,(anonymous_3)
FN:41,(anonymous_4)
FN:42,(anonymous_5)
FN:46,(anonymous_6)
FN:47,(anonymous_7)
FN:48,(anonymous_8)
FN:53,(anonymous_9)
FN:55,(anonymous_10)
FN:59,(anonymous_11)
FN:60,(anonymous_12)
FN:61,(anonymous_13)
FN:62,(anonymous_14)
FN:63,(anonymous_15)
FN:90,(anonymous_16)
FN:94,(anonymous_17)
FNF:18
FNH:13
FNDA:7,(anonymous_0)
FNDA:3,(anonymous_1)
FNDA:2,(anonymous_2)
FNDA:1,(anonymous_3)
FNDA:2,(anonymous_4)
FNDA:1,(anonymous_5)
FNDA:3,(anonymous_6)
FNDA:3,(anonymous_7)
FNDA:3,(anonymous_8)
FNDA:3,(anonymous_9)
FNDA:3,(anonymous_10)
FNDA:0,(anonymous_11)
FNDA:0,(anonymous_12)
FNDA:0,(anonymous_13)
FNDA:0,(anonymous_14)
FNDA:0,(anonymous_15)
FNDA:2,(anonymous_16)
FNDA:1,(anonymous_17)
DA:25,2
DA:26,7
DA:27,4
DA:29,3
DA:32,2
DA:33,3
DA:34,3
DA:35,3
DA:37,3
DA:38,2
DA:41,3
DA:42,1
DA:45,3
DA:46,3
DA:47,3
DA:48,3
DA:53,3
DA:55,3
DA:58,3
DA:59,0
DA:60,0
DA:61,0
DA:62,0
DA:63,0
DA:66,3
DA:90,2
DA:95,1
LF:27
LH:22
BRDA:26,0,0,4
BRDA:26,0,1,3
BRDA:27,1,0,4
BRDA:27,1,1,1
BRDA:27,1,2,0
BRDA:29,2,0,3
BRDA:29,2,1,2
BRDA:41,3,0,2
BRDA:41,3,1,0
BRDA:48,4,0,3
BRDA:48,4,1,1
BRDA:55,5,0,3
BRDA:55,5,1,2
BRDA:61,6,0,0
BRDA:61,6,1,0
BRDA:62,7,0,0
BRDA:62,7,1,0
BRDA:63,8,0,0
BRDA:63,8,1,0
BRDA:84,9,0,2
BRDA:84,9,1,1
BRDA:90,10,0,2
BRDA:90,10,1,0
BRDA:97,11,0,1
BRDA:97,11,1,0
BRDA:98,12,0,1
BRDA:98,12,1,0
BRDA:104,13,0,1
BRDA:104,13,1,0
BRDA:106,14,0,1
BRDA:106,14,1,0
BRF:31
BRH:18
end_of_record
TN:
SF:src\components\Feedback\FeedbackModal.tsx
FN:14,(anonymous_0)
FN:16,(anonymous_1)
FN:33,(anonymous_2)
FN:33,(anonymous_3)
FN:34,(anonymous_4)
FN:34,(anonymous_5)
FN:36,(anonymous_6)
FN:58,(anonymous_7)
FN:71,(anonymous_8)
FN:77,(anonymous_9)
FN:77,(anonymous_10)
FN:78,(anonymous_11)
FN:81,(anonymous_12)
FN:83,(anonymous_13)
FN:86,(anonymous_14)
FN:90,(anonymous_15)
FN:94,(anonymous_16)
FNF:17
FNH:17
FNDA:22,(anonymous_0)
FNDA:23,(anonymous_1)
FNDA:1,(anonymous_2)
FNDA:2,(anonymous_3)
FNDA:1,(anonymous_4)
FNDA:1,(anonymous_5)
FNDA:2,(anonymous_6)
FNDA:3,(anonymous_7)
FNDA:4,(anonymous_8)
FNDA:88,(anonymous_9)
FNDA:1,(anonymous_10)
FNDA:1,(anonymous_11)
FNDA:13,(anonymous_12)
FNDA:13,(anonymous_13)
FNDA:1,(anonymous_14)
FNDA:1,(anonymous_15)
FNDA:1,(anonymous_16)
DA:14,3
DA:15,22
DA:16,23
DA:23,22
DA:24,22
DA:25,22
DA:26,22
DA:28,22
DA:29,22
DA:33,22
DA:34,22
DA:36,22
DA:37,2
DA:38,0
DA:39,0
DA:40,0
DA:41,0
DA:44,2
DA:45,0
DA:48,2
DA:49,1
DA:50,1
DA:52,1
DA:53,1
DA:54,1
DA:58,22
DA:59,3
DA:60,2
DA:67,2
DA:71,22
DA:72,4
DA:73,3
DA:77,88
DA:78,1
DA:81,22
DA:82,13
DA:83,13
DA:86,22
DA:87,1
DA:88,1
DA:89,1
DA:91,1
DA:92,1
DA:94,1
DA:97,22
LF:45
LH:40
BRDA:37,0,0,0
BRDA:37,0,1,2
BRDA:44,1,0,0
BRDA:44,1,1,2
BRDA:48,2,0,1
BRDA:48,2,1,1
BRDA:59,3,0,2
BRDA:59,3,1,1
BRDA:59,4,0,3
BRDA:59,4,1,2
BRDA:61,5,0,2
BRDA:61,5,1,1
BRDA:62,6,0,2
BRDA:62,6,1,1
BRDA:63,7,0,2
BRDA:63,7,1,1
BRDA:64,8,0,2
BRDA:64,8,1,1
BRDA:65,9,0,2
BRDA:65,9,1,1
BRDA:67,10,0,2
BRDA:67,10,1,1
BRDA:72,11,0,3
BRDA:72,11,1,1
BRDA:72,12,0,4
BRDA:72,12,1,3
BRDA:73,13,0,3
BRDA:73,13,1,1
BRDA:87,14,0,0
BRDA:87,14,1,1
BRDA:104,15,0,18
BRDA:104,15,1,4
BRDA:120,16,0,22
BRDA:120,16,1,20
BRDA:125,17,0,22
BRDA:125,17,1,20
BRDA:130,18,0,22
BRDA:130,18,1,2
BRF:38
BRH:35
end_of_record
TN:
SF:src\components\Feedback\StarRating.tsx
FN:19,(anonymous_0)
FN:20,(anonymous_1)
FNF:2
FNH:2
FNDA:3,(anonymous_0)
FNDA:2,(anonymous_1)
DA:4,3
DA:19,3
DA:20,3
DA:21,2
DA:22,1
DA:25,3
LF:6
LH:6
BRDA:19,0,0,1
BRDA:21,1,0,1
BRDA:21,1,1,1
BRDA:21,2,0,2
BRDA:21,2,1,1
BRDA:22,3,0,1
BRDA:22,3,1,0
BRDA:33,4,0,2
BRDA:33,4,1,1
BRF:9
BRH:8
end_of_record
TN:
SF:src\components\Filters\DateRangeFilter.tsx
FN:19,(anonymous_0)
FN:27,(anonymous_1)
FN:29,(anonymous_2)
FN:31,(anonymous_3)
FN:40,(anonymous_4)
FN:58,(anonymous_5)
FN:59,(anonymous_6)
FN:62,(anonymous_7)
FN:63,(anonymous_8)
FN:66,(anonymous_9)
FN:90,(anonymous_10)
FN:102,(anonymous_11)
FN:110,(anonymous_12)
FNF:13
FNH:13
FNDA:6,(anonymous_0)
FNDA:2,(anonymous_1)
FNDA:2,(anonymous_2)
FNDA:1,(anonymous_3)
FNDA:1,(anonymous_4)
FNDA:1,(anonymous_5)
FNDA:1,(anonymous_6)
FNDA:1,(anonymous_7)
FNDA:1,(anonymous_8)
FNDA:1,(anonymous_9)
FNDA:36,(anonymous_10)
FNDA:1,(anonymous_11)
FNDA:1,(anonymous_12)
DA:17,2
DA:19,2
DA:20,6
DA:22,6
DA:27,6
DA:29,6
DA:30,2
DA:31,1
DA:36,1
DA:40,6
DA:41,1
DA:42,1
DA:43,0
DA:44,0
DA:46,1
DA:47,0
DA:51,0
DA:52,0
DA:54,1
DA:55,1
DA:58,6
DA:59,1
DA:62,6
DA:63,1
DA:66,6
DA:67,1
DA:68,0
DA:71,1
DA:77,6
DA:90,36
DA:102,1
DA:110,1
LF:32
LH:26
BRDA:23,0,0,6
BRDA:23,0,1,2
BRDA:24,1,0,6
BRDA:24,1,1,2
BRDA:30,2,0,1
BRDA:30,2,1,1
BRDA:32,3,0,1
BRDA:32,3,1,0
BRDA:33,4,0,1
BRDA:33,4,1,0
BRDA:42,5,0,0
BRDA:42,5,1,1
BRDA:46,6,0,0
BRDA:46,6,1,1
BRDA:48,7,0,0
BRDA:48,7,1,0
BRDA:49,8,0,0
BRDA:49,8,1,0
BRDA:55,9,0,1
BRDA:55,9,1,1
BRDA:67,10,0,0
BRDA:67,10,1,1
BRDA:72,11,0,1
BRDA:72,11,1,0
BRDA:73,12,0,1
BRDA:73,12,1,0
BRDA:81,13,0,4
BRDA:81,13,1,2
BRDA:96,14,0,6
BRDA:96,14,1,4
BRF:30
BRH:19
end_of_record
TN:
SF:src\components\History\HistoryReportDownloadMenu.tsx
FN:21,(anonymous_0)
FN:26,(anonymous_1)
FN:26,(anonymous_2)
FN:26,(anonymous_3)
FN:33,(anonymous_4)
FN:40,(anonymous_5)
FN:54,(anonymous_6)
FN:70,(anonymous_7)
FN:70,(anonymous_8)
FN:74,(anonymous_9)
FN:79,(anonymous_10)
FNF:11
FNH:9
FNDA:10,(anonymous_0)
FNDA:6,(anonymous_1)
FNDA:12,(anonymous_2)
FNDA:36,(anonymous_3)
FNDA:0,(anonymous_4)
FNDA:0,(anonymous_5)
FNDA:2,(anonymous_6)
FNDA:4,(anonymous_7)
FNDA:4,(anonymous_8)
FNDA:1,(anonymous_9)
FNDA:1,(anonymous_10)
DA:21,3
DA:22,10
DA:23,10
DA:25,10
DA:26,12
DA:27,36
DA:28,36
DA:33,10
DA:40,10
DA:54,10
DA:63,10
DA:70,4
DA:74,1
DA:79,1
LF:14
LH:14
BRDA:72,0,0,3
BRDA:72,0,1,7
BRF:2
BRH:2
end_of_record
TN:
SF:src\components\Layout\Header.tsx
FN:21,(anonymous_0)
FN:23,(anonymous_1)
FN:38,(anonymous_2)
FN:48,(anonymous_3)
FN:52,(anonymous_4)
FN:56,(anonymous_5)
FNF:6
FNH:4
FNDA:5,(anonymous_0)
FNDA:0,(anonymous_1)
FNDA:10,(anonymous_2)
FNDA:1,(anonymous_3)
FNDA:0,(anonymous_4)
FNDA:4,(anonymous_5)
DA:21,2
DA:23,0
DA:28,5
DA:29,5
DA:30,5
DA:31,5
DA:32,5
DA:33,5
DA:34,5
DA:35,5
DA:38,10
DA:44,5
DA:46,5
DA:48,5
DA:49,1
DA:52,5
DA:53,0
DA:56,5
DA:57,4
DA:58,1
DA:61,5
LF:21
LH:19
BRDA:22,0,0,0
BRDA:23,1,0,0
BRDA:24,2,0,5
BRDA:25,3,0,5
BRDA:26,4,0,5
BRDA:35,5,0,5
BRDA:35,5,1,0
BRDA:57,6,0,3
BRDA:57,6,1,1
BRDA:58,7,0,1
BRDA:58,7,1,0
BRDA:72,8,0,5
BRDA:72,8,1,5
BRDA:75,9,0,2
BRDA:75,9,1,3
BRDA:102,10,0,4
BRDA:102,10,1,1
BRDA:110,11,0,5
BRDA:110,11,1,5
BRDA:112,12,0,1
BRDA:112,12,1,4
BRDA:117,13,0,5
BRDA:117,13,1,5
BRDA:117,13,2,1
BRDA:120,14,0,1
BRDA:120,14,1,0
BRDA:121,15,0,1
BRDA:121,15,1,0
BRDA:122,16,0,0
BRDA:122,16,1,0
BRDA:124,17,0,1
BRDA:124,17,1,0
BRDA:126,18,0,1
BRDA:126,18,1,0
BRDA:129,19,0,5
BRDA:129,19,1,5
BRDA:129,19,2,1
BRDA:135,20,0,5
BRDA:135,20,1,5
BRDA:136,21,0,5
BRDA:136,21,1,5
BRDA:136,21,2,5
BRDA:152,22,0,5
BRDA:152,22,1,5
BRF:44
BRH:34
end_of_record
TN:
SF:src\components\Layout\PublicLayout.tsx
FN:4,(anonymous_0)
FNF:1
FNH:0
FNDA:0,(anonymous_0)
DA:4,0
DA:5,0
LF:2
LH:0
BRF:0
BRH:0
end_of_record
TN:
SF:src\components\Layout\Sidebar.tsx
FN:128,(anonymous_0)
FN:138,(anonymous_1)
FN:159,(anonymous_2)
FN:178,(anonymous_3)
FNF:4
FNH:3
FNDA:3,(anonymous_0)
FNDA:3,(anonymous_1)
FNDA:54,(anonymous_2)
FNDA:0,(anonymous_3)
DA:13,2
DA:128,2
DA:129,3
DA:130,3
DA:132,3
DA:138,3
DA:140,3
DA:142,3
DA:160,54
DA:161,54
DA:162,16
DA:164,38
DA:178,0
LF:13
LH:12
BRDA:148,0,0,1
BRDA:148,0,1,2
BRDA:157,1,0,1
BRDA:157,1,1,2
BRDA:161,2,0,16
BRDA:161,2,1,38
BRDA:161,3,0,54
BRDA:161,3,1,51
BRDA:167,4,0,0
BRDA:167,4,1,38
BRDA:168,5,0,0
BRDA:168,5,1,38
BRDA:170,6,0,0
BRDA:170,6,1,38
BRDA:181,7,0,38
BRDA:181,7,1,20
BRDA:185,8,0,0
BRDA:185,8,1,20
BRF:18
BRH:14
end_of_record
TN:
SF:src\components\Layout\SidebarLayout.tsx
FN:10,(anonymous_0)
FN:19,(anonymous_1)
FNF:2
FNH:2
FNDA:4,(anonymous_0)
FNDA:2,(anonymous_1)
DA:10,2
DA:11,4
DA:12,4
DA:13,4
DA:14,4
DA:15,4
DA:17,4
DA:19,4
DA:20,2
DA:21,1
DA:23,1
DA:27,4
DA:29,4
LF:13
LH:13
BRDA:20,0,0,1
BRDA:20,0,1,1
BRDA:27,1,0,2
BRDA:27,1,1,2
BRDA:35,2,0,2
BRDA:35,2,1,2
BRF:6
BRH:6
end_of_record
TN:
SF:src\components\Layout\UserMenu.tsx
FN:28,(anonymous_0)
FN:45,(anonymous_1)
FN:49,(anonymous_2)
FN:63,(anonymous_3)
FN:75,(anonymous_4)
FN:79,(anonymous_5)
FN:92,(anonymous_6)
FN:99,(anonymous_7)
FN:106,(anonymous_8)
FN:111,(anonymous_9)
FN:116,(anonymous_10)
FN:198,(anonymous_11)
FNF:12
FNH:11
FNDA:5,(anonymous_0)
FNDA:5,(anonymous_1)
FNDA:4,(anonymous_2)
FNDA:5,(anonymous_3)
FNDA:21,(anonymous_4)
FNDA:5,(anonymous_5)
FNDA:27,(anonymous_6)
FNDA:1,(anonymous_7)
FNDA:0,(anonymous_8)
FNDA:1,(anonymous_9)
FNDA:10,(anonymous_10)
FNDA:2,(anonymous_11)
DA:28,2
DA:29,5
DA:30,5
DA:32,5
DA:45,5
DA:46,5
DA:47,2
DA:49,4
DA:54,3
DA:55,2
DA:57,1
DA:58,1
DA:60,0
DA:63,5
DA:64,5
DA:66,5
DA:75,21
DA:76,5
DA:79,5
DA:80,5
DA:82,5
DA:92,27
DA:93,5
DA:96,5
DA:97,5
DA:99,5
DA:100,1
DA:101,1
DA:102,1
DA:106,5
DA:107,0
DA:108,0
DA:111,5
DA:112,1
DA:113,1
DA:116,5
DA:121,10
DA:156,5
DA:199,2
LF:39
LH:36
BRDA:46,0,0,2
BRDA:46,0,1,3
BRDA:54,1,0,2
BRDA:54,1,1,1
BRDA:57,2,0,1
BRDA:57,2,1,0
BRDA:64,3,0,0
BRDA:64,3,1,5
BRDA:75,4,0,21
BRDA:75,4,1,2
BRDA:76,5,0,2
BRDA:76,5,1,3
BRDA:80,6,0,0
BRDA:80,6,1,5
BRDA:92,7,0,27
BRDA:92,7,1,2
BRDA:93,8,0,2
BRDA:93,8,1,3
BRDA:96,9,0,5
BRDA:96,9,1,3
BRDA:96,9,2,1
BRDA:96,9,3,0
BRDA:97,10,0,4
BRDA:97,10,1,1
BRDA:97,11,0,5
BRDA:97,11,1,4
BRDA:101,12,0,1
BRDA:101,12,1,0
BRDA:170,13,0,5
BRDA:170,13,1,0
BRDA:175,14,0,5
BRDA:175,14,1,5
BRDA:185,15,0,5
BRDA:185,15,1,3
BRDA:188,16,0,5
BRDA:188,16,1,3
BRDA:196,17,0,1
BRDA:196,17,1,4
BRF:38
BRH:32
end_of_record
TN:
SF:src\components\MISReports\CustomerSatisfactionReport.tsx
FN:13,(anonymous_0)
FN:16,(anonymous_1)
FN:17,(anonymous_2)
FN:27,(anonymous_3)
FN:45,(anonymous_4)
FN:55,(anonymous_5)
FN:64,(anonymous_6)
FN:65,(anonymous_7)
FN:67,(anonymous_8)
FN:68,(anonymous_9)
FN:74,(anonymous_10)
FN:76,(anonymous_11)
FN:140,(anonymous_12)
FN:164,(anonymous_13)
FN:185,(anonymous_14)
FNF:15
FNH:14
FNDA:2,(anonymous_0)
FNDA:2,(anonymous_1)
FNDA:0,(anonymous_2)
FNDA:2,(anonymous_3)
FNDA:4,(anonymous_4)
FNDA:4,(anonymous_5)
FNDA:2,(anonymous_6)
FNDA:2,(anonymous_7)
FNDA:1,(anonymous_8)
FNDA:2,(anonymous_9)
FNDA:2,(anonymous_10)
FNDA:1,(anonymous_11)
FNDA:1,(anonymous_12)
FNDA:2,(anonymous_13)
FNDA:2,(anonymous_14)
DA:13,1
DA:14,2
DA:16,2
DA:17,2
DA:18,0
DA:27,2
DA:28,2
DA:29,1
DA:32,1
DA:39,1
DA:45,4
DA:55,4
DA:64,2
DA:65,2
DA:66,2
DA:67,2
DA:68,2
DA:70,2
DA:73,2
DA:75,2
DA:77,1
DA:87,2
DA:141,1
DA:165,2
DA:186,2
LF:25
LH:24
BRDA:28,0,0,1
BRDA:28,0,1,1
BRDA:64,1,0,2
BRDA:64,1,1,1
BRDA:68,2,0,1
BRDA:68,2,1,0
BRDA:78,3,0,1
BRDA:78,3,1,0
BRDA:79,4,0,1
BRDA:79,4,1,0
BRDA:89,5,0,2
BRDA:89,5,1,1
BRDA:95,6,0,2
BRDA:95,6,1,1
BRDA:95,6,2,1
BRDA:134,7,0,1
BRDA:134,7,1,1
BRDA:150,8,0,1
BRDA:150,8,1,0
BRDA:177,9,0,1
BRDA:177,9,1,0
BRDA:180,10,0,1
BRDA:180,10,1,0
BRDA:183,11,0,1
BRDA:183,11,1,0
BRDA:187,12,0,2
BRDA:187,12,1,0
BRF:27
BRH:19
end_of_record
TN:
SF:src\components\MISReports\MISReportGenerator.tsx
FN:45,(anonymous_0)
FN:46,(anonymous_1)
FN:56,(anonymous_2)
FN:62,(anonymous_3)
FN:75,(anonymous_4)
FN:77,(anonymous_5)
FN:90,(anonymous_6)
FN:91,(anonymous_7)
FN:96,(anonymous_8)
FN:100,(anonymous_9)
FN:105,(anonymous_10)
FN:134,(anonymous_11)
FN:148,(anonymous_12)
FN:158,(anonymous_13)
FN:197,(anonymous_14)
FN:204,(anonymous_15)
FN:206,(anonymous_16)
FN:207,(anonymous_17)
FNF:18
FNH:16
FNDA:30,(anonymous_0)
FNDA:60,(anonymous_1)
FNDA:24,(anonymous_2)
FNDA:30,(anonymous_3)
FNDA:8,(anonymous_4)
FNDA:12,(anonymous_5)
FNDA:3,(anonymous_6)
FNDA:2,(anonymous_7)
FNDA:0,(anonymous_8)
FNDA:1,(anonymous_9)
FNDA:1,(anonymous_10)
FNDA:150,(anonymous_11)
FNDA:2,(anonymous_12)
FNDA:2,(anonymous_13)
FNDA:1,(anonymous_14)
FNDA:0,(anonymous_15)
FNDA:60,(anonymous_16)
FNDA:1,(anonymous_17)
DA:32,2
DA:45,2
DA:46,30
DA:47,60
DA:53,30
DA:56,2
DA:57,24
DA:58,6
DA:59,6
DA:62,2
DA:69,30
DA:70,30
DA:71,30
DA:72,30
DA:73,30
DA:75,30
DA:77,30
DA:78,12
DA:79,12
DA:81,12
DA:82,11
DA:85,1
DA:88,30
DA:90,30
DA:91,30
DA:92,2
DA:93,2
DA:96,30
DA:97,0
DA:100,30
DA:101,1
DA:102,1
DA:105,30
DA:106,1
DA:107,1
DA:108,1
DA:111,30
DA:135,150
DA:148,2
DA:158,2
DA:197,1
DA:204,0
DA:207,60
LF:43
LH:41
BRDA:57,0,0,18
BRDA:57,0,1,6
BRDA:59,1,0,0
BRDA:59,1,1,6
BRDA:63,2,0,4
BRDA:64,3,0,30
BRDA:67,4,0,11
BRDA:81,5,0,11
BRDA:81,5,1,1
BRDA:81,6,0,12
BRDA:81,6,1,4
BRDA:81,6,2,2
BRDA:88,7,0,30
BRDA:88,7,1,26
BRDA:119,8,0,0
BRDA:119,8,1,30
BRDA:161,9,0,30
BRDA:161,9,1,26
BRDA:161,9,2,3
BRDA:163,10,0,1
BRDA:163,10,1,29
BRDA:163,11,0,30
BRDA:163,11,1,26
BRDA:163,11,2,3
BRDA:175,12,0,4
BRDA:175,12,1,26
BRF:26
BRH:24
end_of_record
TN:
SF:src\components\MISReports\ProblemManagementReport.tsx
FN:13,(anonymous_0)
FN:16,(anonymous_1)
FN:17,(anonymous_2)
FN:27,(anonymous_3)
FN:30,(anonymous_4)
FN:49,(anonymous_5)
FN:56,(anonymous_6)
FN:64,(anonymous_7)
FN:73,(anonymous_8)
FN:78,(anonymous_9)
FN:84,(anonymous_10)
FN:84,(anonymous_11)
FNF:12
FNH:10
FNDA:1,(anonymous_0)
FNDA:1,(anonymous_1)
FNDA:0,(anonymous_2)
FNDA:1,(anonymous_3)
FNDA:2,(anonymous_4)
FNDA:0,(anonymous_5)
FNDA:2,(anonymous_6)
FNDA:2,(anonymous_7)
FNDA:1,(anonymous_8)
FNDA:1,(anonymous_9)
FNDA:1,(anonymous_10)
FNDA:2,(anonymous_11)
DA:13,1
DA:14,1
DA:16,1
DA:17,1
DA:18,0
DA:27,1
DA:28,1
DA:29,1
DA:30,2
DA:32,1
DA:49,0
DA:56,2
DA:64,2
DA:73,1
DA:74,1
DA:75,0
DA:78,1
DA:79,1
DA:83,1
DA:84,2
DA:88,1
LF:21
LH:18
BRDA:28,0,0,1
BRDA:28,0,1,0
BRDA:30,1,0,2
BRDA:30,1,1,2
BRDA:30,1,2,0
BRDA:30,2,0,2
BRDA:30,2,1,2
BRDA:30,2,2,2
BRDA:49,3,0,0
BRDA:49,3,1,0
BRDA:64,4,0,2
BRDA:64,4,1,2
BRDA:74,5,0,0
BRDA:74,5,1,1
BRDA:79,6,0,1
BRDA:79,6,1,0
BRDA:84,7,0,1
BRDA:84,7,1,0
BRDA:84,8,0,2
BRDA:84,8,1,2
BRDA:90,9,0,1
BRDA:90,9,1,0
BRDA:96,10,0,1
BRDA:96,10,1,1
BRDA:96,10,2,1
BRDA:98,11,0,1
BRDA:98,11,1,1
BRDA:104,12,0,1
BRDA:104,12,1,1
BRDA:104,13,0,1
BRDA:104,13,1,1
BRDA:104,13,2,1
BRDA:109,14,0,1
BRDA:109,14,1,1
BRF:34
BRH:26
end_of_record
TN:
SF:src\components\MISReports\ReportPageLayout.tsx
FN:9,(anonymous_0)
FN:17,(anonymous_1)
FN:18,(anonymous_2)
FN:24,(anonymous_3)
FN:26,(anonymous_4)
FN:27,(anonymous_5)
FN:29,(anonymous_6)
FN:32,(anonymous_7)
FN:41,(anonymous_8)
FN:45,(anonymous_9)
FN:45,(anonymous_10)
FN:48,(anonymous_11)
FN:61,(anonymous_12)
FNF:13
FNH:13
FNDA:4,(anonymous_0)
FNDA:12,(anonymous_1)
FNDA:2,(anonymous_2)
FNDA:2,(anonymous_3)
FNDA:2,(anonymous_4)
FNDA:2,(anonymous_5)
FNDA:1,(anonymous_6)
FNDA:6,(anonymous_7)
FNDA:6,(anonymous_8)
FNDA:24,(anonymous_9)
FNDA:4,(anonymous_10)
FNDA:4,(anonymous_11)
FNDA:36,(anonymous_12)
DA:7,1
DA:9,4
DA:17,1
DA:18,12
DA:19,2
DA:20,2
DA:21,2
DA:22,2
DA:24,12
DA:26,12
DA:27,12
DA:28,2
DA:29,2
DA:32,12
DA:33,6
DA:41,12
DA:42,6
DA:45,24
DA:46,4
DA:48,4
DA:49,4
DA:50,1
DA:53,3
DA:54,1
DA:57,2
DA:61,12
DA:62,36
DA:68,12
DA:70,12
LF:29
LH:29
BRDA:28,0,0,2
BRDA:28,0,1,0
BRDA:29,1,0,1
BRDA:29,1,1,1
BRDA:49,2,0,1
BRDA:49,2,1,3
BRDA:49,3,0,4
BRDA:49,3,1,2
BRDA:49,3,2,2
BRDA:49,3,3,1
BRDA:53,4,0,1
BRDA:53,4,1,2
BRDA:53,5,0,3
BRDA:53,5,1,2
BRDA:53,5,2,2
BRDA:53,5,3,1
BRDA:68,6,0,12
BRDA:68,6,1,0
BRDA:68,6,2,0
BRDA:74,7,0,12
BRDA:74,7,1,2
BRDA:85,8,0,12
BRDA:85,8,1,2
BRDA:88,9,0,12
BRDA:88,9,1,2
BRDA:94,10,0,2
BRDA:94,10,1,10
BRF:27
BRH:24
end_of_record
TN:
SF:src\components\MISReports\SlaPerformanceReport.tsx
FN:29,(anonymous_0)
FN:40,(anonymous_1)
FN:55,(anonymous_2)
FN:70,(anonymous_3)
FN:77,(anonymous_4)
FN:88,(anonymous_5)
FN:89,(anonymous_6)
FN:92,(anonymous_7)
FN:96,(anonymous_8)
FN:119,(anonymous_9)
FN:153,(anonymous_10)
FN:178,(anonymous_11)
FN:209,(anonymous_12)
FN:218,(anonymous_13)
FN:222,(anonymous_14)
FN:224,(anonymous_15)
FN:227,(anonymous_16)
FN:290,(anonymous_17)
FN:294,(anonymous_18)
FN:295,(anonymous_19)
FN:296,(anonymous_20)
FN:297,(anonymous_21)
FN:348,(anonymous_22)
FN:379,(anonymous_23)
FN:480,(anonymous_24)
FNF:25
FNH:24
FNDA:24,(anonymous_0)
FNDA:8,(anonymous_1)
FNDA:4,(anonymous_2)
FNDA:5,(anonymous_3)
FNDA:3,(anonymous_4)
FNDA:4,(anonymous_5)
FNDA:0,(anonymous_6)
FNDA:3,(anonymous_7)
FNDA:1,(anonymous_8)
FNDA:3,(anonymous_9)
FNDA:3,(anonymous_10)
FNDA:8,(anonymous_11)
FNDA:8,(anonymous_12)
FNDA:3,(anonymous_13)
FNDA:2,(anonymous_14)
FNDA:2,(anonymous_15)
FNDA:2,(anonymous_16)
FNDA:3,(anonymous_17)
FNDA:2,(anonymous_18)
FNDA:2,(anonymous_19)
FNDA:2,(anonymous_20)
FNDA:2,(anonymous_21)
FNDA:3,(anonymous_22)
FNDA:24,(anonymous_23)
FNDA:4,(anonymous_24)
DA:29,1
DA:30,24
DA:31,0
DA:34,24
DA:40,1
DA:41,8
DA:42,0
DA:44,8
DA:45,0
DA:47,8
DA:48,8
DA:49,8
DA:50,0
DA:52,8
DA:55,1
DA:56,4
DA:57,0
DA:59,4
DA:60,4
DA:61,0
DA:63,4
DA:70,1
DA:71,5
DA:72,5
DA:73,5
DA:74,5
DA:76,5
DA:77,3
DA:88,5
DA:89,4
DA:92,5
DA:93,3
DA:96,5
DA:97,1
DA:98,0
DA:99,0
DA:102,1
DA:103,1
DA:104,1
DA:105,1
DA:106,1
DA:109,0
DA:113,0
DA:115,1
DA:119,5
DA:120,3
DA:121,1
DA:124,2
DA:153,5
DA:154,3
DA:155,1
DA:157,2
DA:178,8
DA:180,2
DA:209,8
DA:218,5
DA:219,3
DA:220,1
DA:222,2
DA:223,2
DA:224,2
DA:226,2
DA:227,2
DA:230,2
DA:290,5
DA:291,3
DA:292,1
DA:294,2
DA:295,2
DA:296,2
DA:297,2
DA:299,2
DA:348,5
DA:349,3
DA:350,1
DA:352,2
DA:356,5
DA:367,5
DA:380,24
DA:481,4
LF:80
LH:70
BRDA:29,0,0,20
BRDA:30,1,0,0
BRDA:30,1,1,24
BRDA:30,2,0,24
BRDA:30,2,1,24
BRDA:30,2,2,24
BRDA:40,3,0,4
BRDA:41,4,0,0
BRDA:41,4,1,8
BRDA:41,5,0,8
BRDA:41,5,1,8
BRDA:41,5,2,8
BRDA:44,6,0,0
BRDA:44,6,1,8
BRDA:49,7,0,0
BRDA:49,7,1,8
BRDA:56,8,0,0
BRDA:56,8,1,4
BRDA:60,9,0,0
BRDA:60,9,1,4
BRDA:97,10,0,0
BRDA:97,10,1,1
BRDA:97,11,0,1
BRDA:97,11,1,1
BRDA:109,12,0,0
BRDA:109,12,1,0
BRDA:109,12,2,0
BRDA:109,12,3,0
BRDA:120,13,0,1
BRDA:120,13,1,2
BRDA:154,14,0,1
BRDA:154,14,1,2
BRDA:219,15,0,1
BRDA:219,15,1,2
BRDA:222,16,0,2
BRDA:222,16,1,0
BRDA:223,17,0,2
BRDA:223,17,1,0
BRDA:226,18,0,2
BRDA:226,18,1,0
BRDA:252,19,0,0
BRDA:252,19,1,2
BRDA:291,20,0,1
BRDA:291,20,1,2
BRDA:294,21,0,2
BRDA:294,21,1,0
BRDA:295,22,0,2
BRDA:295,22,1,0
BRDA:296,23,0,2
BRDA:296,23,1,0
BRDA:297,24,0,2
BRDA:297,24,1,0
BRDA:349,25,0,1
BRDA:349,25,1,2
BRDA:361,26,0,5
BRDA:361,26,1,4
BRDA:363,27,0,1
BRDA:363,27,1,4
BRDA:369,28,0,5
BRDA:369,28,1,0
BRDA:376,29,0,5
BRDA:376,29,1,5
BRDA:376,29,2,4
BRDA:382,30,0,4
BRDA:382,30,1,20
BRDA:385,31,0,4
BRDA:385,31,1,20
BRDA:409,32,0,4
BRDA:409,32,1,0
BRDA:471,33,0,4
BRDA:471,33,1,0
BRDA:482,34,0,4
BRDA:482,34,1,0
BRDA:485,35,0,4
BRDA:485,35,1,0
BRDA:488,36,0,4
BRDA:488,36,1,0
BRDA:489,37,0,4
BRDA:489,37,1,0
BRDA:490,38,0,4
BRDA:490,38,1,0
BRDA:493,39,0,4
BRDA:493,39,1,0
BRDA:503,40,0,5
BRDA:503,40,1,5
BRDA:503,40,2,1
BRF:86
BRH:58
end_of_record
TN:
SF:src\components\MISReports\TicketResolutionTimeReport.tsx
FN:17,(anonymous_0)
FN:20,(anonymous_1)
FN:21,(anonymous_2)
FN:31,(anonymous_3)
FN:39,(anonymous_4)
FN:51,(anonymous_5)
FN:60,(anonymous_6)
FN:62,(anonymous_7)
FN:69,(anonymous_8)
FN:114,(anonymous_9)
FN:141,(anonymous_10)
FNF:11
FNH:10
FNDA:2,(anonymous_0)
FNDA:2,(anonymous_1)
FNDA:0,(anonymous_2)
FNDA:2,(anonymous_3)
FNDA:2,(anonymous_4)
FNDA:2,(anonymous_5)
FNDA:2,(anonymous_6)
FNDA:2,(anonymous_7)
FNDA:2,(anonymous_8)
FNDA:2,(anonymous_9)
FNDA:2,(anonymous_10)
DA:17,1
DA:18,2
DA:20,2
DA:21,2
DA:22,0
DA:31,2
DA:32,2
DA:33,2
DA:39,2
DA:51,2
DA:60,2
DA:61,2
DA:62,2
DA:63,2
DA:64,2
DA:65,2
DA:69,2
DA:70,2
DA:72,2
DA:115,2
DA:142,2
LF:21
LH:20
BRDA:32,0,0,2
BRDA:32,0,1,1
BRDA:61,1,0,2
BRDA:61,1,1,1
BRDA:63,2,0,2
BRDA:63,2,1,1
BRDA:64,3,0,0
BRDA:64,3,1,2
BRDA:70,4,0,2
BRDA:70,4,1,1
BRDA:70,4,2,0
BRDA:70,5,0,2
BRDA:70,5,1,1
BRDA:70,5,2,1
BRDA:74,6,0,2
BRDA:74,6,1,1
BRDA:80,7,0,2
BRDA:80,7,1,1
BRDA:80,7,2,1
BRDA:108,8,0,1
BRDA:108,8,1,1
BRDA:144,9,0,2
BRDA:144,9,1,1
BRDA:144,10,0,2
BRDA:144,10,1,1
BRF:25
BRH:23
end_of_record
TN:
SF:src\components\MISReports\TicketSummaryReport.tsx
FN:14,(anonymous_0)
FN:19,(anonymous_1)
FN:28,(anonymous_2)
FN:29,(anonymous_3)
FN:32,(anonymous_4)
FN:66,(anonymous_5)
FN:72,(anonymous_6)
FN:83,(anonymous_7)
FN:92,(anonymous_8)
FNF:9
FNH:8
FNDA:2,(anonymous_0)
FNDA:2,(anonymous_1)
FNDA:2,(anonymous_2)
FNDA:0,(anonymous_3)
FNDA:2,(anonymous_4)
FNDA:2,(anonymous_5)
FNDA:2,(anonymous_6)
FNDA:2,(anonymous_7)
FNDA:2,(anonymous_8)
DA:14,1
DA:16,2
DA:18,2
DA:19,2
DA:28,2
DA:29,2
DA:32,2
DA:33,2
DA:34,2
DA:66,2
DA:72,2
DA:73,2
DA:74,2
DA:83,2
DA:92,2
DA:101,2
LF:16
LH:16
BRDA:33,0,0,2
BRDA:33,0,1,1
BRDA:73,1,0,2
BRDA:73,1,1,1
BRDA:103,2,0,2
BRDA:103,2,1,1
BRDA:109,3,0,2
BRDA:109,3,1,1
BRDA:109,3,2,1
BRF:9
BRH:9
end_of_record
TN:
SF:src\components\Notifications\NotificationBell.tsx
FN:24,(anonymous_0)
FN:32,(anonymous_1)
FN:55,(anonymous_2)
FN:89,(anonymous_3)
FN:110,(anonymous_4)
FN:112,(anonymous_5)
FN:117,(anonymous_6)
FN:121,(anonymous_7)
FN:125,(anonymous_8)
FN:131,(anonymous_9)
FN:139,(anonymous_10)
FN:147,(anonymous_11)
FN:151,(anonymous_12)
FN:215,(anonymous_13)
FNF:14
FNH:13
FNDA:8,(anonymous_0)
FNDA:8,(anonymous_1)
FNDA:1,(anonymous_2)
FNDA:8,(anonymous_3)
FNDA:3,(anonymous_4)
FNDA:1,(anonymous_5)
FNDA:3,(anonymous_6)
FNDA:1,(anonymous_7)
FNDA:7,(anonymous_8)
FNDA:3,(anonymous_9)
FNDA:0,(anonymous_10)
FNDA:1,(anonymous_11)
FNDA:1,(anonymous_12)
FNDA:8,(anonymous_13)
DA:24,2
DA:25,8
DA:26,8
DA:27,0
DA:29,8
DA:32,2
DA:38,8
DA:42,8
DA:55,1
DA:89,2
DA:90,8
DA:91,8
DA:102,8
DA:103,8
DA:104,8
DA:105,8
DA:107,8
DA:109,8
DA:111,3
DA:112,1
DA:117,8
DA:118,3
DA:121,8
DA:122,1
DA:125,8
DA:126,7
DA:127,1
DA:131,8
DA:132,3
DA:133,1
DA:134,1
DA:135,1
DA:139,8
DA:140,0
DA:141,0
DA:143,0
DA:144,0
DA:147,8
DA:148,1
DA:151,8
DA:153,1
DA:158,1
DA:159,1
DA:161,1
DA:162,1
DA:166,8
DA:216,8
LF:47
LH:42
BRDA:26,0,0,0
BRDA:26,0,1,8
BRDA:38,1,0,0
BRDA:38,1,1,8
BRDA:49,2,0,5
BRDA:49,2,1,3
BRDA:50,3,0,5
BRDA:50,3,1,3
BRDA:59,4,0,5
BRDA:59,4,1,3
BRDA:60,5,0,8
BRDA:60,5,1,0
BRDA:65,6,0,8
BRDA:65,6,1,0
BRDA:70,7,0,8
BRDA:70,7,1,0
BRDA:126,8,0,1
BRDA:126,8,1,6
BRDA:126,9,0,7
BRDA:126,9,1,3
BRDA:132,10,0,1
BRDA:132,10,1,2
BRDA:140,11,0,0
BRDA:140,11,1,0
BRDA:153,12,0,1
BRDA:153,12,1,1
BRDA:154,13,0,1
BRDA:154,13,1,0
BRDA:154,14,0,1
BRDA:154,14,1,1
BRDA:161,15,0,1
BRDA:161,15,1,0
BRDA:173,16,0,0
BRDA:173,16,1,8
BRDA:202,17,0,3
BRDA:202,17,1,5
BRDA:218,18,0,8
BRDA:218,18,1,3
BRDA:222,19,0,5
BRDA:222,19,1,3
BRDA:222,19,2,2
BRDA:232,20,0,0
BRDA:232,20,1,2
BRDA:241,21,0,8
BRDA:241,21,1,2
BRDA:253,22,0,8
BRDA:253,22,1,6
BRDA:255,23,0,8
BRDA:255,23,1,2
BRF:49
BRH:38
end_of_record
TN:
SF:src\components\Permissions\JsonEditModal.tsx
FN:12,(anonymous_0)
FN:15,(anonymous_1)
FN:19,(anonymous_2)
FN:25,(anonymous_3)
FNF:4
FNH:4
FNDA:7,(anonymous_0)
[...]
FNF:5
FNH:5
FNDA:1,getStatusListFromApi
FNDA:1,getNextStatusListByStatusId
FNDA:1,getStatusWorkflowMappings
FNDA:1,getStatusActions
FNDA:1,getAllowedStatusListByRoles
DA:5,1
DA:9,1
DA:13,1
DA:17,1
DA:21,1
LF:5
LH:5
BRF:0
BRH:0
end_of_record
TN:
SF:src\services\TicketService.ts
FN:5,searchTickets
FN:9,addTicket
FN:14,addAttachments
FN:16,(anonymous_3)
FN:28,getAttachmentsByTicketId
FN:32,deleteAttachment
FN:38,getTickets
FN:42,getTicket
FN:46,getTicketSla
FN:50,updateTicket
FN:54,linkTicketToMaster
FN:62,makeTicketMaster
FN:66,unlinkTicketFromMaster
FN:74,getChildTickets
FN:78,addComment
FN:82,getComments
FN:87,updateComment
FN:93,deleteComment
FN:97,searchTicketsPaginated
FN:162,searchTicketsForExport
FNF:20
FNH:20
FNDA:1,searchTickets
FNDA:2,addTicket
FNDA:1,addAttachments
FNDA:1,(anonymous_3)
FNDA:1,getAttachmentsByTicketId
FNDA:1,deleteAttachment
FNDA:1,getTickets
FNDA:1,getTicket
FNDA:1,getTicketSla
FNDA:1,updateTicket
FNDA:2,linkTicketToMaster
FNDA:1,makeTicketMaster
FNDA:2,unlinkTicketFromMaster
FNDA:1,getChildTickets
FNDA:1,addComment
FNDA:2,getComments
FNDA:1,updateComment
FNDA:1,deleteComment
FNDA:1,searchTicketsPaginated
FNDA:2,searchTicketsForExport
DA:6,1
DA:10,2
DA:11,2
DA:15,1
DA:16,1
DA:17,1
DA:18,1
DA:21,1
DA:23,1
DA:29,1
DA:33,1
DA:39,1
DA:43,1
DA:47,1
DA:51,1
DA:55,2
DA:63,1
DA:67,2
DA:75,1
DA:79,1
DA:83,2
DA:84,2
DA:88,1
DA:94,1
DA:122,1
DA:123,1
DA:124,1
DA:125,1
DA:126,1
DA:127,1
DA:128,1
DA:129,1
DA:130,1
DA:131,1
DA:132,1
DA:133,1
DA:134,1
DA:135,1
DA:136,1
DA:137,1
DA:138,1
DA:139,1
DA:140,1
DA:141,1
DA:142,1
DA:143,1
DA:177,2
DA:178,2
DA:179,2
DA:180,2
DA:181,2
DA:182,2
DA:183,2
DA:184,2
DA:185,2
DA:186,2
DA:187,2
DA:188,2
DA:189,2
DA:190,2
DA:191,2
LF:61
LH:61
BRDA:10,0,0,1
BRDA:10,0,1,1
BRDA:18,1,0,1
BRDA:18,1,1,0
BRDA:38,2,0,0
BRDA:38,3,0,0
BRDA:58,4,0,1
BRDA:58,4,1,1
BRDA:70,5,0,1
BRDA:70,5,1,1
BRDA:83,6,0,1
BRDA:83,6,1,1
BRDA:101,7,0,0
BRDA:102,8,0,0
BRDA:123,9,0,1
BRDA:123,9,1,0
BRDA:124,10,0,1
BRDA:124,10,1,0
BRDA:125,11,0,1
BRDA:125,11,1,0
BRDA:126,12,0,1
BRDA:126,12,1,0
BRDA:127,13,0,1
BRDA:127,13,1,0
BRDA:128,14,0,1
BRDA:128,14,1,0
BRDA:129,15,0,1
BRDA:129,15,1,0
BRDA:130,16,0,1
BRDA:130,16,1,0
BRDA:131,17,0,1
BRDA:131,17,1,0
BRDA:132,18,0,1
BRDA:132,18,1,0
BRDA:133,19,0,1
BRDA:133,19,1,0
BRDA:134,20,0,1
BRDA:134,20,1,0
BRDA:135,21,0,1
BRDA:135,21,1,0
BRDA:136,22,0,1
BRDA:136,22,1,0
BRDA:137,23,0,1
BRDA:137,23,1,0
BRDA:138,24,0,1
BRDA:138,24,1,0
BRDA:139,25,0,1
BRDA:139,25,1,0
BRDA:140,26,0,1
BRDA:140,26,1,0
BRDA:141,27,0,1
BRDA:141,27,1,0
BRDA:142,28,0,1
BRDA:142,28,1,0
BRDA:178,29,0,1
BRDA:178,29,1,1
BRDA:179,30,0,1
BRDA:179,30,1,1
BRDA:180,31,0,1
BRDA:180,31,1,1
BRDA:181,32,0,1
BRDA:181,32,1,1
BRDA:182,33,0,1
BRDA:182,33,1,1
BRDA:183,34,0,1
BRDA:183,34,1,1
BRDA:184,35,0,1
BRDA:184,35,1,1
BRDA:185,36,0,1
BRDA:185,36,1,1
BRDA:186,37,0,1
BRDA:186,37,1,1
BRDA:187,38,0,1
BRDA:187,38,1,1
BRDA:188,39,0,1
BRDA:188,39,1,1
BRDA:189,40,0,1
BRDA:189,40,1,1
BRDA:190,41,0,1
BRDA:190,41,1,1
BRDA:191,42,0,1
BRDA:191,42,1,1
BRF:82
BRH:57
end_of_record
TN:
SF:src\services\UserService.ts
FN:17,getUserDetails
FN:21,getAllUsers
FN:25,getHelpdeskUsers
FN:29,searchHelpdeskUsers
FN:35,getHelpdeskUserDetails
FN:39,getUserDetailsWithFallback
FN:55,getRequesterUsers
FN:59,searchRequesterUsers
FN:76,getRequesterUserDetails
FN:80,getRequesterOfficeTypes
FN:84,appointRequesterAsRno
FN:88,getUsersByRoles
FN:92,addUser
FN:96,createUser
FN:100,checkUsernameAvailability
FN:104,deleteUser
FN:108,updateUser
FN:112,changeUserPassword
FN:116,resetUserPassword
FNF:19
FNH:19
FNDA:1,getUserDetails
FNDA:1,getAllUsers
FNDA:1,getHelpdeskUsers
FNDA:1,searchHelpdeskUsers
FNDA:4,getHelpdeskUserDetails
FNDA:3,getUserDetailsWithFallback
FNDA:1,getRequesterUsers
FNDA:1,searchRequesterUsers
FNDA:3,getRequesterUserDetails
FNDA:1,getRequesterOfficeTypes
FNDA:1,appointRequesterAsRno
FNDA:1,getUsersByRoles
FNDA:1,addUser
FNDA:1,createUser
FNDA:1,checkUsernameAvailability
FNDA:1,deleteUser
FNDA:1,updateUser
FNDA:1,changeUserPassword
FNDA:1,resetUserPassword
DA:18,1
DA:22,1
DA:26,1
DA:30,1
DA:36,4
DA:40,3
DA:41,3
DA:43,3
DA:44,3
DA:46,3
DA:47,3
DA:48,1
DA:52,2
DA:56,1
DA:71,1
DA:77,3
DA:81,1
DA:85,1
DA:89,1
DA:93,1
DA:97,1
DA:101,1
DA:105,1
DA:109,1
DA:113,1
DA:117,1
LF:26
LH:26
BRDA:29,0,0,0
BRDA:29,1,0,0
BRDA:39,2,0,1
BRDA:40,3,0,2
BRDA:40,3,1,1
BRDA:41,4,0,2
BRDA:41,4,1,1
BRDA:47,5,0,1
BRDA:47,5,1,2
BRDA:47,6,0,3
BRDA:47,6,1,3
BRDA:67,7,0,0
BRDA:68,8,0,0
BRDA:69,9,0,0
BRF:14
BRH:9
end_of_record
TN:
SF:src\services\api.ts
FNF:0
FNH:0
DA:5,71
DA:7,71
DA:8,71
DA:9,71
LF:4
LH:4
BRF:0
BRH:0
end_of_record
TN:
SF:src\services\apiClient.ts
FN:9,(anonymous_0)
FN:26,(anonymous_1)
FN:27,(anonymous_2)
FNF:3
FNH:2
FNDA:2,(anonymous_0)
FNDA:0,(anonymous_1)
FNDA:2,(anonymous_2)
DA:6,20
DA:7,20
DA:9,20
DA:10,2
DA:11,2
DA:19,2
DA:20,2
DA:21,2
DA:22,2
DA:25,20
DA:26,0
DA:28,2
DA:30,1
DA:32,2
LF:14
LH:13
BRDA:6,0,0,20
BRDA:6,0,1,20
BRDA:10,1,0,2
BRDA:10,1,1,0
BRDA:19,2,0,2
BRDA:19,2,1,0
BRDA:28,3,0,1
BRDA:28,3,1,1
BRF:8
BRH:6
end_of_record
TN:
SF:src\test\setupTests.ts
FN:29,(anonymous_0)
FN:31,(anonymous_1)
FN:32,(anonymous_2)
FN:35,(anonymous_3)
FN:39,(anonymous_4)
FN:46,(anonymous_5)
FN:50,(anonymous_6)
FN:61,(anonymous_7)
FN:62,(anonymous_8)
FN:63,(anonymous_9)
FN:65,(anonymous_10)
FN:68,(anonymous_11)
FN:70,(anonymous_12)
FN:71,(anonymous_13)
FN:72,(anonymous_14)
FNF:15
FNH:12
FNDA:117,(anonymous_0)
FNDA:117,(anonymous_1)
FNDA:117,(anonymous_2)
FNDA:0,(anonymous_3)
FNDA:117,(anonymous_4)
FNDA:117,(anonymous_5)
FNDA:0,(anonymous_6)
FNDA:16,(anonymous_7)
FNDA:145,(anonymous_8)
FNDA:960,(anonymous_9)
FNDA:0,(anonymous_10)
FNDA:23,(anonymous_11)
FNDA:117,(anonymous_12)
FNDA:470,(anonymous_13)
FNDA:117,(anonymous_14)
DA:5,117
DA:7,117
DA:9,117
DA:11,117
DA:15,117
DA:16,117
DA:18,117
DA:20,117
DA:22,117
DA:24,117
DA:26,117
DA:29,117
DA:31,117
DA:32,117
DA:35,0
DA:39,117
DA:40,117
DA:45,117
DA:46,117
DA:50,117
DA:55,117
DA:57,117
DA:59,117
DA:61,117
DA:62,145
DA:63,960
DA:65,0
DA:68,117
DA:70,117
DA:71,470
DA:72,117
LF:31
LH:29
BRDA:5,0,0,117
BRDA:5,0,1,0
BRDA:9,1,0,117
BRDA:9,1,1,0
BRDA:16,2,0,117
BRDA:16,2,1,0
BRDA:20,3,0,117
BRDA:20,3,1,0
BRDA:24,4,0,117
BRDA:24,4,1,0
BRF:10
BRH:5
end_of_record
TN:
SF:src\test\testUtils.tsx
FN:6,(anonymous_0)
FN:35,(anonymous_1)
FN:39,(anonymous_2)
FN:43,(anonymous_3)
FN:44,(anonymous_4)
FN:45,(anonymous_5)
FN:46,(anonymous_6)
FN:47,(anonymous_7)
FN:52,Wrapper
FNF:9
FNH:6
FNDA:173,(anonymous_0)
FNDA:173,(anonymous_1)
FNDA:18,(anonymous_2)
FNDA:0,(anonymous_3)
FNDA:0,(anonymous_4)
FNDA:18,(anonymous_5)
FNDA:18,(anonymous_6)
FNDA:0,(anonymous_7)
FNDA:176,Wrapper
DA:6,48
DA:7,173
DA:9,173
DA:10,168
DA:13,5
DA:35,48
DA:36,173
DA:37,48
DA:39,18
DA:43,0
DA:44,0
DA:45,18
DA:46,18
DA:47,0
DA:53,176
DA:56,173
LF:16
LH:13
BRDA:6,0,0,173
BRDA:9,1,0,168
BRDA:9,1,1,5
BRDA:35,2,0,168
BRDA:35,3,0,168
BRDA:36,4,0,48
BRDA:36,4,1,125
BRDA:36,5,0,173
BRDA:36,5,1,173
BRF:9
BRH:9
end_of_record
TN:
SF:src\test\msw\handlers.ts
FN:6,(anonymous_0)
FN:9,(anonymous_1)
FNF:2
FNH:0
FNDA:0,(anonymous_0)
FNDA:0,(anonymous_1)
DA:3,117
DA:5,117
DA:7,0
DA:10,0
DA:11,0
DA:12,0
LF:6
LH:2
BRDA:3,0,0,117
BRDA:3,0,1,0
BRDA:10,1,0,0
BRDA:10,1,1,0
BRDA:11,2,0,0
BRDA:11,2,1,0
BRF:6
BRH:1
end_of_record
TN:
SF:src\themes\colors.ts
FNF:0
FNH:0
DA:4,51
LF:1
LH:1
BRF:0
BRH:0
end_of_record
TN:
SF:src\themes\themes.ts
FNF:0
FNH:0
DA:5,50
DA:87,50
DA:209,50
DA:331,50
DA:453,50
DA:479,50
DA:508,50
DA:534,50
LF:8
LH:8
BRF:0
BRH:0
end_of_record
TN:
SF:src\types\auth.ts
FNF:0
FNH:0
LF:0
LH:0
BRF:0
BRH:0
end_of_record
TN:
SF:src\types\calendar.ts
FNF:0
FNH:0
LF:0
LH:0
BRF:0
BRH:0
end_of_record
TN:
SF:src\types\fileManagement.ts
FNF:0
FNH:0
LF:0
LH:0
BRF:0
BRH:0
end_of_record
TN:
SF:src\types\index.ts
FNF:0
FNH:0
LF:0
LH:0
BRF:0
BRH:0
end_of_record
TN:
SF:src\types\notification.ts
FNF:0
FNH:0
LF:0
LH:0
BRF:0
BRH:0
end_of_record
TN:
SF:src\types\pagination.ts
FNF:0
FNH:0
LF:0
LH:0
BRF:0
BRH:0
end_of_record
TN:
SF:src\types\parameters.ts
FNF:0
FNH:0
LF:0
LH:0
BRF:0
BRH:0
end_of_record
TN:
SF:src\types\reports.ts
FNF:0
FNH:0
LF:0
LH:0
BRF:0
BRH:0
end_of_record
TN:
SF:src\types\slaJob.ts
FNF:0
FNH:0
LF:0
LH:0
BRF:0
BRH:0
end_of_record
TN:
SF:src\types\users.ts
FNF:0
FNH:0
LF:0
LH:0
BRF:0
BRH:0
end_of_record
TN:
SF:src\utils\Utils.ts
FN:26,setUserDetails
FN:30,getUserDetails
FN:56,setUserPermissions
FN:60,getUserPermissions
FN:65,clearSession
FN:73,setRoleLookup
FN:77,getRoleLookup
FN:84,(anonymous_7)
FN:89,(anonymous_8)
FN:106,getDisplayRoles
FN:113,(anonymous_10)
FN:117,setStatusList
FN:121,getStatusList
FN:126,getStatusNameById
FN:128,(anonymous_14)
FN:131,getStatusColorById
FN:133,(anonymous_16)
FN:136,getStatuses
FN:155,truncateWithEllipsis
FN:160,truncateWithLeadingEllipsis
FN:166,formatDateWithSuffix
FN:186,formatDateToDayMonthYear
FN:199,logout
FN:201,(anonymous_23)
FN:212,(anonymous_24)
FN:217,getDropdownOptions
FN:219,(anonymous_26)
FN:226,getDropdownOptionsWithExtraOption
FN:228,(anonymous_28)
FNF:29
FNH:27
FNDA:1,setUserDetails
FNDA:5,getUserDetails
FNDA:1,setUserPermissions
FNDA:1,getUserPermissions
FNDA:4,clearSession
FNDA:1,setRoleLookup
FNDA:24,getRoleLookup
FNDA:0,(anonymous_7)
FNDA:0,(anonymous_8)
FNDA:2,getDisplayRoles
FNDA:2,(anonymous_10)
FNDA:5,setStatusList
FNDA:8,getStatusList
FNDA:2,getStatusNameById
FNDA:2,(anonymous_14)
FNDA:2,getStatusColorById
FNDA:2,(anonymous_16)
FNDA:4,getStatuses
FNDA:3,truncateWithEllipsis
FNDA:3,truncateWithLeadingEllipsis
FNDA:5,formatDateWithSuffix
FNDA:2,formatDateToDayMonthYear
FNDA:3,logout
FNDA:2,(anonymous_23)
FNDA:2,(anonymous_24)
FNDA:37,getDropdownOptions
FNDA:13,(anonymous_26)
FNDA:20,getDropdownOptionsWithExtraOption
FNDA:20,(anonymous_28)
DA:19,23
DA:20,23
DA:21,23
DA:22,23
DA:24,23
DA:27,1
DA:38,5
DA:39,5
DA:40,4
DA:43,1
DA:44,1
DA:45,1
DA:46,1
DA:48,1
DA:57,1
DA:61,1
DA:62,1
DA:66,4
DA:67,4
DA:68,4
DA:69,4
DA:70,4
DA:74,1
DA:78,24
DA:79,24
DA:82,23
DA:84,23
DA:85,0
DA:86,0
DA:89,0
DA:90,0
DA:91,0
DA:93,0
DA:94,0
DA:97,0
DA:98,0
DA:99,0
DA:102,0
DA:107,2
DA:109,2
DA:111,2
DA:113,2
DA:114,1
DA:118,5
DA:122,8
DA:123,8
DA:127,2
DA:128,2
DA:132,2
DA:133,2
DA:137,4
DA:138,1
DA:140,3
DA:141,3
DA:142,1
DA:143,1
DA:145,2
DA:146,2
DA:147,2
DA:148,2
DA:149,2
DA:150,2
DA:151,2
DA:152,2
DA:156,3
DA:157,2
DA:161,3
DA:162,3
DA:163,3
DA:167,5
DA:168,5
DA:169,1
DA:170,1
DA:171,1
DA:172,1
DA:174,4
DA:175,4
DA:176,4
DA:177,4
DA:181,4
DA:182,4
DA:183,4
DA:187,2
DA:188,2
DA:189,1
DA:192,1
DA:200,3
DA:202,2
DA:203,1
DA:204,1
DA:205,1
DA:206,1
DA:207,1
DA:209,1
DA:213,2
DA:218,37
DA:219,13
DA:227,20
DA:228,20
DA:234,20
LF:100
LH:89
BRDA:39,0,0,4
BRDA:39,0,1,1
BRDA:44,1,0,1
BRDA:44,1,1,1
BRDA:44,1,2,1
BRDA:45,2,0,1
BRDA:45,2,1,1
BRDA:45,2,2,0
BRDA:45,2,3,0
BRDA:46,3,0,1
BRDA:46,3,1,1
BRDA:46,3,2,0
BRDA:62,4,0,0
BRDA:62,4,1,1
BRDA:79,5,0,1
BRDA:79,5,1,23
BRDA:82,6,0,23
BRDA:82,6,1,22
BRDA:85,7,0,0
BRDA:85,7,1,0
BRDA:91,8,0,0
BRDA:91,8,1,0
BRDA:91,9,0,0
BRDA:91,9,1,0
BRDA:93,10,0,0
BRDA:93,10,1,0
BRDA:93,11,0,0
BRDA:93,11,1,0
BRDA:97,12,0,0
BRDA:97,12,1,0
BRDA:97,13,0,0
BRDA:97,13,1,0
BRDA:109,14,0,2
BRDA:109,14,1,0
BRDA:111,15,0,1
BRDA:111,15,1,1
BRDA:123,16,0,5
BRDA:123,16,1,3
BRDA:128,17,0,2
BRDA:128,17,1,0
BRDA:133,18,0,2
BRDA:133,18,1,0
BRDA:133,19,0,2
BRDA:133,19,1,1
BRDA:137,20,0,1
BRDA:137,20,1,3
BRDA:141,21,0,1
BRDA:141,21,1,2
BRDA:146,22,0,2
BRDA:146,22,1,0
BRDA:147,23,0,2
BRDA:147,23,1,0
BRDA:148,24,0,2
BRDA:148,24,1,0
BRDA:148,25,0,2
BRDA:148,25,1,2
BRDA:148,25,2,2
BRDA:149,26,0,1
BRDA:149,26,1,1
BRDA:156,27,0,1
BRDA:156,27,1,2
BRDA:157,28,0,1
BRDA:157,28,1,1
BRDA:161,29,0,0
BRDA:161,29,1,3
BRDA:163,30,0,2
BRDA:163,30,1,1
BRDA:167,31,0,0
BRDA:167,31,1,5
BRDA:168,32,0,1
BRDA:168,32,1,4
BRDA:177,33,0,1
BRDA:177,33,1,3
BRDA:177,34,0,4
BRDA:177,34,1,2
BRDA:178,35,0,1
BRDA:178,35,1,2
BRDA:178,36,0,3
BRDA:178,36,1,1
BRDA:179,37,0,1
BRDA:179,37,1,1
BRDA:179,38,0,2
BRDA:179,38,1,1
BRDA:187,39,0,2
BRDA:187,39,1,0
BRDA:188,40,0,1
BRDA:188,40,1,1
BRDA:202,41,0,1
BRDA:202,41,1,1
BRDA:205,42,0,1
BRDA:205,42,1,0
BRDA:218,43,0,32
BRDA:218,43,1,5
BRDA:227,44,0,20
BRDA:227,44,1,0
BRDA:234,45,0,19
BRDA:234,45,1,1
BRF:97
BRH:68
end_of_record
TN:
SF:src\utils\authToken.ts
FN:27,storeToken
FN:33,getActiveToken
FN:38,clearStoredToken
FN:43,isJwtBypassEnabled
FN:47,setJwtBypassEnabled
FN:51,toggleJwtBypass
FN:57,getDecodedAuthDetails
FN:94,clearDecodedCache
FNF:8
FNH:8
FNDA:1,storeToken
FNDA:1,getActiveToken
FNDA:1,clearStoredToken
FNDA:4,isJwtBypassEnabled
FNDA:2,setJwtBypassEnabled
FNDA:1,toggleJwtBypass
FNDA:1,getDecodedAuthDetails
FNDA:1,clearDecodedCache
DA:4,26
DA:5,26
DA:25,26
DA:30,1
DA:35,1
DA:44,4
DA:48,2
DA:52,1
DA:53,1
DA:54,1
DA:91,1
DA:95,1
LF:12
LH:12
BRDA:48,0,0,1
BRDA:48,0,1,1
BRF:2
BRH:2
end_of_record
TN:
SF:src\utils\dateUtils.ts
FN:26,(anonymous_0)
FN:33,(anonymous_1)
FN:35,(anonymous_2)
FN:66,(anonymous_3)
FN:80,(anonymous_4)
FNF:5
FNH:5
FNDA:12,(anonymous_0)
FNDA:12,(anonymous_1)
FNDA:9,(anonymous_2)
FNDA:6,(anonymous_3)
FNDA:3,(anonymous_4)
DA:17,4
DA:26,4
DA:27,12
DA:28,12
DA:29,12
DA:30,12
DA:33,12
DA:35,4
DA:36,9
DA:37,3
DA:40,6
DA:41,6
DA:43,6
DA:45,1
DA:46,1
DA:48,2
DA:49,2
DA:51,2
DA:52,2
DA:54,1
DA:55,1
DA:57,0
DA:60,6
DA:66,4
DA:67,6
DA:68,4
DA:71,2
DA:72,2
DA:74,2
DA:80,4
LF:30
LH:29
BRDA:35,0,0,0
BRDA:36,1,0,3
BRDA:36,1,1,6
BRDA:36,2,0,9
BRDA:36,2,1,7
BRDA:43,3,0,1
BRDA:43,3,1,2
BRDA:43,3,2,2
BRDA:43,3,3,1
BRDA:43,3,4,0
BRDA:67,4,0,4
BRDA:67,4,1,2
BRDA:67,5,0,6
BRDA:67,5,1,4
BRDA:71,6,0,2
BRDA:71,6,1,0
BRDA:72,7,0,2
BRDA:72,7,1,0
BRDA:82,8,0,3
BRDA:82,8,1,1
BRDA:83,9,0,3
BRDA:83,9,1,1
BRF:22
BRH:18
end_of_record
TN:
SF:src\utils\misReports.ts
FN:6,(anonymous_0)
FN:40,(anonymous_1)
FN:48,(anonymous_2)
FN:55,(anonymous_3)
FN:56,(anonymous_4)
FN:57,(anonymous_5)
FN:59,(anonymous_6)
FN:66,(anonymous_7)
FN:158,(anonymous_8)
FN:174,(anonymous_9)
FN:177,(anonymous_10)
FN:178,(anonymous_11)
FN:180,(anonymous_12)
FN:192,(anonymous_13)
FNF:14
FNH:14
FNDA:91,(anonymous_0)
FNDA:12,(anonymous_1)
FNDA:6,(anonymous_2)
FNDA:4,(anonymous_3)
FNDA:4,(anonymous_4)
FNDA:1,(anonymous_5)
FNDA:45,(anonymous_6)
FNDA:45,(anonymous_7)
FNDA:8,(anonymous_8)
FNDA:1,(anonymous_9)
FNDA:2,(anonymous_10)
FNDA:4,(anonymous_11)
FNDA:5,(anonymous_12)
FNDA:2,(anonymous_13)
DA:4,3
DA:6,91
DA:8,3
DA:16,3
DA:40,3
DA:41,12
DA:42,12
DA:43,12
DA:44,12
DA:45,12
DA:48,3
DA:49,6
DA:50,6
DA:51,6
DA:52,6
DA:55,4
DA:56,4
DA:57,3
DA:59,3
DA:64,45
DA:66,45
DA:71,45
DA:72,0
DA:75,45
DA:77,34
DA:78,1
DA:79,1
DA:80,1
DA:83,33
DA:84,4
DA:85,4
DA:86,4
DA:89,29
DA:90,29
DA:91,29
DA:94,6
DA:95,1
DA:98,5
DA:99,1
DA:100,1
DA:101,1
DA:102,1
DA:105,4
DA:106,4
DA:107,4
DA:108,4
DA:111,5
DA:112,5
DA:114,5
DA:115,1
DA:116,1
DA:117,1
DA:120,4
DA:121,0
DA:124,4
DA:125,0
DA:128,4
DA:129,0
DA:132,4
DA:133,4
DA:134,4
DA:135,4
DA:138,0
DA:141,0
DA:143,0
DA:144,0
DA:147,0
DA:148,0
DA:151,0
DA:154,0
DA:158,3
DA:159,8
DA:160,8
DA:162,8
DA:163,4
DA:164,4
DA:167,4
DA:168,2
DA:171,2
DA:174,3
DA:175,1
DA:177,1
DA:178,2
DA:179,4
DA:180,5
DA:181,4
DA:183,4
DA:189,1
DA:192,3
DA:193,2
DA:194,2
DA:196,0
DA:198,0
DA:199,0
DA:200,0
DA:201,0
DA:202,0
DA:211,0
LF:98
LH:79
BRDA:67,0,0,45
BRDA:67,0,1,0
BRDA:68,1,0,45
BRDA:68,1,1,0
BRDA:71,2,0,0
BRDA:71,2,1,45
BRDA:71,3,0,45
BRDA:71,3,1,45
BRDA:75,4,0,34
BRDA:75,4,1,6
BRDA:75,4,2,5
BRDA:75,4,3,0
BRDA:75,4,4,0
BRDA:77,5,0,1
BRDA:77,5,1,33
BRDA:83,6,0,4
BRDA:83,6,1,29
BRDA:94,7,0,1
BRDA:94,7,1,5
BRDA:98,8,0,1
BRDA:98,8,1,4
BRDA:114,9,0,1
BRDA:114,9,1,4
BRDA:120,10,0,0
BRDA:120,10,1,4
BRDA:124,11,0,0
BRDA:124,11,1,4
BRDA:128,12,0,0
BRDA:128,12,1,4
BRDA:132,13,0,4
BRDA:132,13,1,0
BRDA:133,14,0,4
BRDA:133,14,1,1
BRDA:134,15,0,4
BRDA:134,15,1,4
BRDA:143,16,0,0
BRDA:143,16,1,0
BRDA:147,17,0,0
BRDA:147,17,1,0
BRDA:159,18,0,8
BRDA:159,18,1,4
BRDA:160,19,0,8
BRDA:160,19,1,4
BRDA:162,20,0,4
BRDA:162,20,1,4
BRDA:162,21,0,8
BRDA:162,21,1,7
BRDA:162,21,2,7
BRDA:162,21,3,4
BRDA:163,22,0,4
BRDA:163,22,1,2
BRDA:167,23,0,2
BRDA:167,23,1,2
BRDA:167,24,0,4
BRDA:167,24,1,3
BRDA:167,24,2,3
BRDA:168,25,0,2
BRDA:168,25,1,0
BRDA:171,26,0,2
BRDA:171,26,1,1
BRDA:179,27,0,0
BRDA:179,27,1,4
BRDA:184,28,0,4
BRDA:184,28,1,2
BRDA:193,29,0,1
BRDA:193,29,1,1
BRDA:194,30,0,2
BRDA:194,30,1,0
BRDA:201,31,0,0
BRDA:201,31,1,0
BRDA:203,32,0,0
BRDA:203,32,1,0
BRF:72
BRH:52
end_of_record
TN:
SF:src\utils\permissions.ts
FN:4,setPermissions
FN:8,checkSidebarAccess
FN:20,checkFormAccess
FN:29,checkFieldAccess
FN:36,getFieldChildren
FN:41,checkMyTicketsAccess
FN:46,checkMyTicketsColumnAccess
FN:53,checkAccessMaster
FN:57,(anonymous_8)
FNF:9
FNH:9
FNDA:1,setPermissions
FNDA:3,checkSidebarAccess
FNDA:2,checkFormAccess
FNDA:2,checkFieldAccess
FNDA:1,getFieldChildren
FNDA:2,checkMyTicketsAccess
FNDA:2,checkMyTicketsColumnAccess
FNDA:2,checkAccessMaster
FNDA:4,(anonymous_8)
DA:5,1
DA:9,3
DA:10,3
DA:11,3
DA:12,1
DA:14,2
DA:15,1
DA:17,1
DA:24,2
DA:25,2
DA:26,2
DA:30,2
DA:31,2
DA:32,2
DA:33,2
DA:37,1
DA:38,1
DA:42,2
DA:43,2
DA:47,2
DA:48,2
DA:54,2
DA:55,2
DA:57,4
DA:59,2
DA:60,1
DA:63,1
LF:27
LH:27
BRDA:11,0,0,1
BRDA:11,0,1,2
BRDA:14,1,0,1
BRDA:14,1,1,1
BRDA:26,2,0,2
BRDA:26,2,1,2
BRDA:32,3,0,0
BRDA:32,3,1,2
BRDA:41,4,0,2
BRDA:43,5,0,2
BRDA:43,5,1,1
BRDA:46,6,0,2
BRDA:49,7,0,2
BRDA:49,7,1,1
BRDA:59,8,0,1
BRDA:59,8,1,1
BRF:16
BRH:15
end_of_record
TN:
SF:src\utils\reportPeriods.ts
FN:13,(anonymous_0)
FN:19,(anonymous_1)
FN:52,(anonymous_2)
FN:53,(anonymous_3)
FNF:4
FNH:4
FNDA:9,(anonymous_0)
FNDA:9,(anonymous_1)
FNDA:30,(anonymous_2)
FNDA:46,(anonymous_3)
DA:13,4
DA:14,9
DA:15,9
DA:16,9
DA:19,4
DA:20,9
DA:21,9
DA:23,9
DA:25,1
DA:26,1
DA:28,0
DA:29,0
DA:31,0
DA:32,0
DA:34,0
DA:35,0
DA:38,8
DA:41,9
DA:44,4
DA:52,4
DA:53,46
LF:21
LH:15
BRDA:23,0,0,1
BRDA:23,0,1,0
BRDA:23,0,2,0
BRDA:23,0,3,0
BRDA:23,0,4,8
BRDA:23,0,5,8
BRDA:53,1,0,30
BRDA:53,1,1,1
BRF:8
BRH:5
end_of_record
TN:
SF:src\utils\session.ts
FN:14,(anonymous_0)
FN:44,persistLoginData
FN:108,(anonymous_2)
FN:112,(anonymous_3)
FN:122,startSessionDetection
FN:128,(anonymous_5)
FN:139,(anonymous_6)
FN:145,(anonymous_7)
FN:153,(anonymous_8)
FN:176,(anonymous_9)
FNF:10
FNH:10
FNDA:10,(anonymous_0)
FNDA:4,persistLoginData
FNDA:2,(anonymous_2)
FNDA:2,(anonymous_3)
FNDA:12,startSessionDetection
FNDA:14,(anonymous_5)
FNDA:1,(anonymous_6)
FNDA:1,(anonymous_7)
FNDA:12,(anonymous_8)
FNDA:12,(anonymous_9)
DA:14,2
DA:15,10
DA:16,25
DA:17,10
DA:20,15
DA:21,54
DA:22,54
DA:23,5
DA:28,5
DA:48,4
DA:49,1
DA:52,3
DA:53,3
DA:54,3
DA:55,2
DA:57,1
DA:60,2
DA:61,2
DA:62,2
DA:70,2
DA:78,2
DA:79,2
DA:80,2
DA:81,2
DA:96,2
DA:98,2
DA:99,2
DA:100,1
DA:106,1
DA:107,1
DA:108,2
DA:112,2
DA:113,1
DA:116,1
DA:119,2
DA:128,12
DA:129,14
DA:130,14
DA:131,14
DA:132,3
DA:133,3
DA:135,11
DA:138,12
DA:139,12
DA:140,1
DA:141,1
DA:145,12
DA:146,1
DA:147,1
DA:150,12
DA:152,12
DA:153,12
DA:154,12
DA:155,12
DA:156,4
DA:157,2
DA:159,2
DA:160,1
DA:161,1
DA:162,1
DA:164,1
DA:165,1
DA:168,8
DA:169,8
DA:170,8
DA:174,12
DA:176,12
DA:177,12
DA:178,12
DA:179,12
LF:70
LH:70
BRDA:16,0,0,10
BRDA:16,0,1,15
BRDA:22,1,0,5
BRDA:22,1,1,49
BRDA:22,2,0,54
BRDA:22,2,1,5
BRDA:46,3,0,3
BRDA:48,4,0,1
BRDA:48,4,1,3
BRDA:54,5,0,2
BRDA:54,5,1,1
BRDA:60,6,0,2
BRDA:60,6,1,1
BRDA:61,7,0,2
BRDA:61,7,1,2
BRDA:62,8,0,2
BRDA:62,8,1,2
BRDA:62,8,2,2
BRDA:62,8,3,1
BRDA:62,8,4,1
BRDA:62,8,5,1
BRDA:62,8,6,1
BRDA:62,8,7,1
BRDA:70,9,0,2
BRDA:70,9,1,2
BRDA:70,9,2,2
BRDA:70,9,3,2
BRDA:70,9,4,2
BRDA:70,9,5,1
BRDA:70,9,6,1
BRDA:70,9,7,1
BRDA:78,10,0,1
BRDA:78,10,1,1
BRDA:78,11,0,2
BRDA:78,11,1,1
BRDA:80,12,0,2
BRDA:80,12,1,2
BRDA:80,12,2,2
BRDA:83,13,0,2
BRDA:83,13,1,2
BRDA:84,14,0,2
BRDA:84,14,1,1
BRDA:85,15,0,2
BRDA:85,15,1,1
BRDA:89,16,0,2
BRDA:89,16,1,2
BRDA:100,17,0,0
BRDA:100,17,1,1
BRDA:102,18,0,1
BRDA:102,18,1,0
BRDA:106,19,0,1
BRDA:106,19,1,0
BRDA:109,20,0,2
BRDA:109,20,1,2
BRDA:109,20,2,1
BRDA:110,21,0,2
BRDA:110,21,1,1
BRDA:110,21,2,0
BRDA:110,21,3,0
BRDA:112,22,0,2
BRDA:112,22,1,1
BRDA:126,23,0,11
BRDA:131,24,0,3
BRDA:131,24,1,11
BRDA:131,25,0,14
BRDA:131,25,1,3
BRDA:140,26,0,1
BRDA:140,26,1,0
BRDA:146,27,0,1
BRDA:146,27,1,0
BRDA:156,28,0,2
BRDA:156,28,1,2
BRDA:159,29,0,1
BRDA:159,29,1,1
BRDA:159,30,0,2
BRDA:159,30,1,1
BRDA:164,31,0,1
BRDA:164,31,1,0
BRDA:169,32,0,8
BRDA:169,32,1,0
BRF:80
BRH:71
end_of_record
